mode: set
github.com/DoNewsCode/std/pkg/di/di_container.go:17.24,19.2 1 0
github.com/DoNewsCode/std/pkg/di/di_container.go:34.56,36.2 1 0
github.com/DoNewsCode/std/pkg/di/di_container.go:43.52,45.2 1 0
github.com/DoNewsCode/std/pkg/di/di_container.go:48.33,50.2 1 0
github.com/DoNewsCode/std/pkg/di/factory.go:19.71,25.2 1 0
github.com/DoNewsCode/std/pkg/di/factory.go:29.58,35.55 4 0
github.com/DoNewsCode/std/pkg/di/factory.go:39.2,39.58 1 0
github.com/DoNewsCode/std/pkg/di/factory.go:43.2,43.32 1 0
github.com/DoNewsCode/std/pkg/di/factory.go:35.55,37.3 1 0
github.com/DoNewsCode/std/pkg/di/factory.go:39.58,41.3 1 0
github.com/DoNewsCode/std/pkg/di/factory.go:47.42,51.2 3 0
github.com/DoNewsCode/std/pkg/di/factory.go:55.27,60.28 4 0
github.com/DoNewsCode/std/pkg/di/factory.go:70.2,70.11 1 0
github.com/DoNewsCode/std/pkg/di/factory.go:60.28,61.34 1 0
github.com/DoNewsCode/std/pkg/di/factory.go:64.3,65.24 2 0
github.com/DoNewsCode/std/pkg/di/factory.go:61.34,62.12 1 0
github.com/DoNewsCode/std/pkg/di/factory.go:65.24,68.4 2 0
github.com/DoNewsCode/std/pkg/di/factory.go:74.42,77.57 3 0
github.com/DoNewsCode/std/pkg/di/factory.go:77.57,80.3 2 0
github.com/DoNewsCode/std/pkg/contract/context.go:26.48,28.2 1 0
github.com/DoNewsCode/std/pkg/contract/context.go:31.36,33.2 1 0
github.com/DoNewsCode/std/pkg/key/key_manager.go:53.35,57.2 1 1
github.com/DoNewsCode/std/pkg/key/key_manager.go:60.64,63.2 2 1
github.com/DoNewsCode/std/pkg/key/key_manager.go:66.36,68.2 1 1
github.com/DoNewsCode/std/pkg/key/key_manager.go:72.48,76.2 3 1
github.com/DoNewsCode/std/pkg/key/key_manager.go:80.54,84.2 3 1
github.com/DoNewsCode/std/pkg/key/key_manager.go:87.54,90.28 3 0
github.com/DoNewsCode/std/pkg/key/key_manager.go:93.2,93.12 1 0
github.com/DoNewsCode/std/pkg/key/key_manager.go:90.28,92.3 1 0
github.com/DoNewsCode/std/pkg/key/key_manager.go:100.47,105.26 2 1
github.com/DoNewsCode/std/pkg/key/key_manager.go:110.2,110.11 1 1
github.com/DoNewsCode/std/pkg/key/key_manager.go:105.26,106.15 1 1
github.com/DoNewsCode/std/pkg/key/key_manager.go:106.15,108.4 1 1
github.com/DoNewsCode/std/pkg/container/container.go:27.53,28.36 1 0
github.com/DoNewsCode/std/pkg/container/container.go:28.36,30.3 1 0
github.com/DoNewsCode/std/pkg/container/container.go:33.58,34.36 1 0
github.com/DoNewsCode/std/pkg/container/container.go:34.36,36.3 1 0
github.com/DoNewsCode/std/pkg/container/container.go:39.32,41.38 2 0
github.com/DoNewsCode/std/pkg/container/container.go:49.2,49.11 1 0
github.com/DoNewsCode/std/pkg/container/container.go:41.38,44.13 3 0
github.com/DoNewsCode/std/pkg/container/container.go:44.13,47.4 2 0
github.com/DoNewsCode/std/pkg/container/container.go:52.49,53.35 1 0
github.com/DoNewsCode/std/pkg/container/container.go:53.35,55.3 1 0
github.com/DoNewsCode/std/pkg/container/container.go:58.50,60.2 1 0
github.com/DoNewsCode/std/pkg/container/container.go:62.51,63.36 1 0
github.com/DoNewsCode/std/pkg/container/container.go:63.36,65.3 1 0
github.com/DoNewsCode/std/pkg/container/container.go:68.62,69.39 1 0
github.com/DoNewsCode/std/pkg/container/container.go:69.39,71.3 1 0
github.com/DoNewsCode/std/pkg/container/container.go:100.51,102.2 1 0
github.com/DoNewsCode/std/pkg/container/container.go:104.51,105.34 1 1
github.com/DoNewsCode/std/pkg/container/container.go:108.2,108.40 1 1
github.com/DoNewsCode/std/pkg/container/container.go:111.2,111.40 1 1
github.com/DoNewsCode/std/pkg/container/container.go:114.2,114.40 1 1
github.com/DoNewsCode/std/pkg/container/container.go:117.2,117.39 1 1
github.com/DoNewsCode/std/pkg/container/container.go:120.2,120.43 1 1
github.com/DoNewsCode/std/pkg/container/container.go:123.2,123.42 1 1
github.com/DoNewsCode/std/pkg/container/container.go:126.2,126.39 1 1
github.com/DoNewsCode/std/pkg/container/container.go:105.34,107.3 1 1
github.com/DoNewsCode/std/pkg/container/container.go:108.40,110.3 1 1
github.com/DoNewsCode/std/pkg/container/container.go:111.40,113.3 1 1
github.com/DoNewsCode/std/pkg/container/container.go:114.40,116.3 1 1
github.com/DoNewsCode/std/pkg/container/container.go:117.39,119.3 1 1
github.com/DoNewsCode/std/pkg/container/container.go:120.43,122.3 1 1
github.com/DoNewsCode/std/pkg/container/container.go:123.42,125.3 1 0
github.com/DoNewsCode/std/pkg/events/dispatcher.go:19.84,24.9 4 1
github.com/DoNewsCode/std/pkg/events/dispatcher.go:27.2,27.37 1 1
github.com/DoNewsCode/std/pkg/events/dispatcher.go:32.2,32.12 1 1
github.com/DoNewsCode/std/pkg/events/dispatcher.go:24.9,26.3 1 1
github.com/DoNewsCode/std/pkg/events/dispatcher.go:27.37,28.54 1 1
github.com/DoNewsCode/std/pkg/events/dispatcher.go:28.54,30.4 1 1
github.com/DoNewsCode/std/pkg/events/dispatcher.go:36.64,40.23 3 1
github.com/DoNewsCode/std/pkg/events/dispatcher.go:43.2,43.38 1 1
github.com/DoNewsCode/std/pkg/events/dispatcher.go:40.23,42.3 1 1
github.com/DoNewsCode/std/pkg/events/dispatcher.go:43.38,45.3 1 1
github.com/DoNewsCode/std/pkg/events/event.go:16.35,18.2 1 1
github.com/DoNewsCode/std/pkg/events/event.go:21.30,24.2 2 1
github.com/DoNewsCode/std/pkg/events/event.go:27.34,31.2 1 1
github.com/DoNewsCode/std/pkg/events/event.go:35.51,37.29 2 1
github.com/DoNewsCode/std/pkg/events/event.go:40.2,40.12 1 1
github.com/DoNewsCode/std/pkg/events/event.go:37.29,39.3 1 1
github.com/DoNewsCode/std/pkg/events/listener.go:9.115,14.2 1 1
github.com/DoNewsCode/std/pkg/events/listener.go:21.49,23.2 1 1
github.com/DoNewsCode/std/pkg/events/listener.go:25.80,27.2 1 1
github.com/DoNewsCode/std/pkg/config/module.go:29.38,34.46 2 0
github.com/DoNewsCode/std/pkg/config/module.go:37.2,40.8 1 0
github.com/DoNewsCode/std/pkg/config/module.go:34.46,36.3 1 0
github.com/DoNewsCode/std/pkg/config/module.go:44.51,46.25 2 0
github.com/DoNewsCode/std/pkg/config/module.go:46.25,48.3 1 0
github.com/DoNewsCode/std/pkg/config/module.go:48.21,50.3 1 0
github.com/DoNewsCode/std/pkg/config/module.go:54.56,63.55 2 1
github.com/DoNewsCode/std/pkg/config/module.go:112.2,132.31 5 1
github.com/DoNewsCode/std/pkg/config/module.go:63.55,72.18 3 1
github.com/DoNewsCode/std/pkg/config/module.go:75.4,75.22 1 1
github.com/DoNewsCode/std/pkg/config/module.go:78.4,78.22 1 1
github.com/DoNewsCode/std/pkg/config/module.go:90.4,93.18 3 1
github.com/DoNewsCode/std/pkg/config/module.go:96.4,98.18 3 1
github.com/DoNewsCode/std/pkg/config/module.go:101.4,102.18 2 1
github.com/DoNewsCode/std/pkg/config/module.go:105.4,106.18 2 1
github.com/DoNewsCode/std/pkg/config/module.go:109.4,109.14 1 1
github.com/DoNewsCode/std/pkg/config/module.go:72.18,74.5 1 0
github.com/DoNewsCode/std/pkg/config/module.go:75.22,77.5 1 1
github.com/DoNewsCode/std/pkg/config/module.go:78.22,80.38 2 1
github.com/DoNewsCode/std/pkg/config/module.go:88.5,88.27 1 1
github.com/DoNewsCode/std/pkg/config/module.go:80.38,81.37 1 1
github.com/DoNewsCode/std/pkg/config/module.go:81.37,82.48 1 1
github.com/DoNewsCode/std/pkg/config/module.go:82.48,84.13 2 1
github.com/DoNewsCode/std/pkg/config/module.go:93.18,95.5 1 0
github.com/DoNewsCode/std/pkg/config/module.go:98.18,100.5 1 0
github.com/DoNewsCode/std/pkg/config/module.go:102.18,104.5 1 0
github.com/DoNewsCode/std/pkg/config/module.go:106.18,108.5 1 0
github.com/DoNewsCode/std/pkg/config/module.go:135.48,136.15 1 1
github.com/DoNewsCode/std/pkg/config/module.go:137.14,138.28 1 1
github.com/DoNewsCode/std/pkg/config/module.go:139.14,140.28 1 1
github.com/DoNewsCode/std/pkg/config/module.go:141.10,142.63 1 0
github.com/DoNewsCode/std/pkg/config/module.go:149.34,151.2 1 1
github.com/DoNewsCode/std/pkg/config/module.go:153.67,155.2 1 1
github.com/DoNewsCode/std/pkg/config/module.go:157.107,159.33 1 1
github.com/DoNewsCode/std/pkg/config/module.go:184.2,184.12 1 1
github.com/DoNewsCode/std/pkg/config/module.go:159.33,160.30 1 1
github.com/DoNewsCode/std/pkg/config/module.go:165.3,166.17 2 1
github.com/DoNewsCode/std/pkg/config/module.go:169.3,169.27 1 1
github.com/DoNewsCode/std/pkg/config/module.go:175.3,176.17 2 1
github.com/DoNewsCode/std/pkg/config/module.go:179.3,180.17 2 1
github.com/DoNewsCode/std/pkg/config/module.go:160.30,161.31 1 1
github.com/DoNewsCode/std/pkg/config/module.go:161.31,162.17 1 1
github.com/DoNewsCode/std/pkg/config/module.go:166.17,168.4 1 0
github.com/DoNewsCode/std/pkg/config/module.go:169.27,171.18 2 1
github.com/DoNewsCode/std/pkg/config/module.go:171.18,173.5 1 0
github.com/DoNewsCode/std/pkg/config/module.go:176.17,178.4 1 0
github.com/DoNewsCode/std/pkg/config/module.go:180.17,182.4 1 0
github.com/DoNewsCode/std/pkg/config/module.go:196.34,198.2 1 1
github.com/DoNewsCode/std/pkg/config/module.go:200.67,201.21 1 1
github.com/DoNewsCode/std/pkg/config/module.go:204.2,204.33 1 1
github.com/DoNewsCode/std/pkg/config/module.go:201.21,203.3 1 1
github.com/DoNewsCode/std/pkg/config/module.go:207.107,208.20 1 1
github.com/DoNewsCode/std/pkg/config/module.go:211.2,211.41 1 1
github.com/DoNewsCode/std/pkg/config/module.go:219.2,223.12 5 1
github.com/DoNewsCode/std/pkg/config/module.go:208.20,210.3 1 1
github.com/DoNewsCode/std/pkg/config/module.go:211.41,212.49 1 1
github.com/DoNewsCode/std/pkg/config/module.go:215.3,215.38 1 1
github.com/DoNewsCode/std/pkg/config/module.go:212.49,213.12 1 1
github.com/DoNewsCode/std/pkg/config/module.go:215.38,217.4 1 1
github.com/DoNewsCode/std/pkg/config/app_name.go:9.34,11.2 1 0
github.com/DoNewsCode/std/pkg/config/app_name.go:14.63,16.2 1 0
github.com/DoNewsCode/std/pkg/config/config.go:34.77,35.36 1 1
github.com/DoNewsCode/std/pkg/config/config.go:35.36,37.3 1 1
github.com/DoNewsCode/std/pkg/config/config.go:42.57,43.36 1 1
github.com/DoNewsCode/std/pkg/config/config.go:43.36,45.3 1 1
github.com/DoNewsCode/std/pkg/config/config.go:49.45,50.36 1 0
github.com/DoNewsCode/std/pkg/config/config.go:50.36,52.3 1 0
github.com/DoNewsCode/std/pkg/config/config.go:56.58,59.28 2 1
github.com/DoNewsCode/std/pkg/config/config.go:63.2,65.41 2 1
github.com/DoNewsCode/std/pkg/config/config.go:69.2,69.22 1 1
github.com/DoNewsCode/std/pkg/config/config.go:59.28,61.3 1 1
github.com/DoNewsCode/std/pkg/config/config.go:65.41,67.3 1 0
github.com/DoNewsCode/std/pkg/config/config.go:74.38,75.42 1 1
github.com/DoNewsCode/std/pkg/config/config.go:81.2,81.12 1 1
github.com/DoNewsCode/std/pkg/config/config.go:75.42,77.17 2 1
github.com/DoNewsCode/std/pkg/config/config.go:77.17,79.4 1 0
github.com/DoNewsCode/std/pkg/config/config.go:86.56,87.22 1 0
github.com/DoNewsCode/std/pkg/config/config.go:90.2,90.39 1 0
github.com/DoNewsCode/std/pkg/config/config.go:87.22,89.3 1 0
github.com/DoNewsCode/std/pkg/config/config.go:95.67,104.2 1 1
github.com/DoNewsCode/std/pkg/config/config.go:110.63,114.2 1 1
github.com/DoNewsCode/std/pkg/config/config.go:117.47,119.2 1 1
github.com/DoNewsCode/std/pkg/config/config.go:122.41,124.2 1 0
github.com/DoNewsCode/std/pkg/config/config.go:128.50,130.2 1 0
github.com/DoNewsCode/std/pkg/config/config.go:134.43,136.2 1 0
github.com/DoNewsCode/std/pkg/config/config.go:139.49,141.2 1 0
github.com/DoNewsCode/std/pkg/config/config.go:144.49,146.2 1 0
github.com/DoNewsCode/std/pkg/config/config.go:152.45,154.2 1 0
github.com/DoNewsCode/std/pkg/config/config.go:156.39,158.2 1 0
github.com/DoNewsCode/std/pkg/config/config.go:160.48,162.2 1 0
github.com/DoNewsCode/std/pkg/config/config.go:164.41,166.2 1 0
github.com/DoNewsCode/std/pkg/config/config.go:168.47,170.2 1 0
github.com/DoNewsCode/std/pkg/config/config.go:172.47,174.2 1 0
github.com/DoNewsCode/std/pkg/config/config.go:176.71,177.15 1 1
github.com/DoNewsCode/std/pkg/config/config.go:182.2,184.16 3 1
github.com/DoNewsCode/std/pkg/config/config.go:187.2,188.26 2 1
github.com/DoNewsCode/std/pkg/config/config.go:191.2,192.8 2 1
github.com/DoNewsCode/std/pkg/config/config.go:177.15,178.31 1 1
github.com/DoNewsCode/std/pkg/config/config.go:178.31,180.4 1 1
github.com/DoNewsCode/std/pkg/config/config.go:184.16,186.3 1 1
github.com/DoNewsCode/std/pkg/config/config.go:188.26,190.3 1 0
github.com/DoNewsCode/std/pkg/config/config.go:195.61,198.13 3 1
github.com/DoNewsCode/std/pkg/config/config.go:202.2,202.18 1 1
github.com/DoNewsCode/std/pkg/config/config.go:198.13,200.3 1 1
github.com/DoNewsCode/std/pkg/config/config.go:203.30,204.48 1 1
github.com/DoNewsCode/std/pkg/config/config.go:205.18,206.24 1 0
github.com/DoNewsCode/std/pkg/config/config.go:207.10,208.66 1 1
github.com/DoNewsCode/std/pkg/config/env.go:13.29,15.2 1 0
github.com/DoNewsCode/std/pkg/config/env.go:18.31,20.2 1 0
github.com/DoNewsCode/std/pkg/config/env.go:23.35,25.2 1 0
github.com/DoNewsCode/std/pkg/config/env.go:28.31,30.2 1 0
github.com/DoNewsCode/std/pkg/config/env.go:33.34,35.2 1 0
github.com/DoNewsCode/std/pkg/config/env.go:38.30,40.2 1 1
github.com/DoNewsCode/std/pkg/config/env.go:45.29,46.76 1 1
github.com/DoNewsCode/std/pkg/config/env.go:49.2,49.77 1 1
github.com/DoNewsCode/std/pkg/config/env.go:52.2,52.76 1 1
github.com/DoNewsCode/std/pkg/config/env.go:55.2,55.37 1 1
github.com/DoNewsCode/std/pkg/config/env.go:58.2,58.39 1 1
github.com/DoNewsCode/std/pkg/config/env.go:61.2,61.18 1 0
github.com/DoNewsCode/std/pkg/config/env.go:46.76,48.3 1 1
github.com/DoNewsCode/std/pkg/config/env.go:49.77,51.3 1 1
github.com/DoNewsCode/std/pkg/config/env.go:52.76,54.3 1 1
github.com/DoNewsCode/std/pkg/config/env.go:55.37,57.3 1 1
github.com/DoNewsCode/std/pkg/config/env.go:58.39,60.3 1 1
github.com/DoNewsCode/std/pkg/config/env.go:65.55,68.2 2 0
github.com/DoNewsCode/std/pkg/core/c.go:62.57,65.2 1 0
github.com/DoNewsCode/std/pkg/core/c.go:68.47,72.2 1 0
github.com/DoNewsCode/std/pkg/core/c.go:74.67,75.34 1 0
github.com/DoNewsCode/std/pkg/core/c.go:75.34,77.3 1 0
github.com/DoNewsCode/std/pkg/core/c.go:80.67,81.34 1 0
github.com/DoNewsCode/std/pkg/core/c.go:81.34,83.3 1 0
github.com/DoNewsCode/std/pkg/core/c.go:86.60,87.34 1 0
github.com/DoNewsCode/std/pkg/core/c.go:87.34,89.3 1 0
github.com/DoNewsCode/std/pkg/core/c.go:92.62,93.34 1 0
github.com/DoNewsCode/std/pkg/core/c.go:93.34,95.3 1 0
github.com/DoNewsCode/std/pkg/core/c.go:98.54,99.34 1 0
github.com/DoNewsCode/std/pkg/core/c.go:99.34,101.3 1 0
github.com/DoNewsCode/std/pkg/core/c.go:104.60,105.34 1 0
github.com/DoNewsCode/std/pkg/core/c.go:105.34,107.3 1 0
github.com/DoNewsCode/std/pkg/core/c.go:110.88,111.34 1 0
github.com/DoNewsCode/std/pkg/core/c.go:111.34,113.3 1 0
github.com/DoNewsCode/std/pkg/core/c.go:116.109,117.34 1 0
github.com/DoNewsCode/std/pkg/core/c.go:117.34,119.3 1 0
github.com/DoNewsCode/std/pkg/core/c.go:122.33,133.25 2 1
github.com/DoNewsCode/std/pkg/core/c.go:136.2,152.11 8 1
github.com/DoNewsCode/std/pkg/core/c.go:133.25,135.3 1 0
github.com/DoNewsCode/std/pkg/core/c.go:155.47,156.25 1 0
github.com/DoNewsCode/std/pkg/core/c.go:156.25,157.28 1 0
github.com/DoNewsCode/std/pkg/core/c.go:158.14,159.29 1 0
github.com/DoNewsCode/std/pkg/core/c.go:160.11,161.37 1 0
github.com/DoNewsCode/std/pkg/core/c.go:166.44,170.23 4 0
github.com/DoNewsCode/std/pkg/core/c.go:173.2,175.76 3 0
github.com/DoNewsCode/std/pkg/core/c.go:178.2,178.34 1 0
github.com/DoNewsCode/std/pkg/core/c.go:170.23,172.3 1 0
github.com/DoNewsCode/std/pkg/core/c.go:175.76,177.3 1 0
github.com/DoNewsCode/std/pkg/core/c.go:181.56,185.34 3 1
github.com/DoNewsCode/std/pkg/core/c.go:188.2,190.38 3 1
github.com/DoNewsCode/std/pkg/core/c.go:202.2,202.37 1 1
github.com/DoNewsCode/std/pkg/core/c.go:211.2,211.20 1 1
github.com/DoNewsCode/std/pkg/core/c.go:220.2,221.76 2 0
github.com/DoNewsCode/std/pkg/core/c.go:237.2,238.16 2 0
github.com/DoNewsCode/std/pkg/core/c.go:185.34,186.63 1 0
github.com/DoNewsCode/std/pkg/core/c.go:190.38,192.22 2 1
github.com/DoNewsCode/std/pkg/core/c.go:196.3,196.21 1 1
github.com/DoNewsCode/std/pkg/core/c.go:199.3,199.36 1 1
github.com/DoNewsCode/std/pkg/core/c.go:192.22,194.12 2 0
github.com/DoNewsCode/std/pkg/core/c.go:196.21,198.4 1 0
github.com/DoNewsCode/std/pkg/core/c.go:202.37,204.20 2 0
github.com/DoNewsCode/std/pkg/core/c.go:207.3,207.33 1 0
github.com/DoNewsCode/std/pkg/core/c.go:204.20,206.4 1 0
github.com/DoNewsCode/std/pkg/core/c.go:211.20,213.17 2 1
github.com/DoNewsCode/std/pkg/core/c.go:216.3,216.9 1 1
github.com/DoNewsCode/std/pkg/core/c.go:213.17,214.14 1 0
github.com/DoNewsCode/std/pkg/core/c.go:221.76,224.27 3 0
github.com/DoNewsCode/std/pkg/core/c.go:235.3,235.22 1 0
github.com/DoNewsCode/std/pkg/core/c.go:224.27,226.24 2 0
github.com/DoNewsCode/std/pkg/core/c.go:230.4,230.23 1 0
github.com/DoNewsCode/std/pkg/core/c.go:233.4,233.42 1 0
github.com/DoNewsCode/std/pkg/core/c.go:226.24,228.13 2 0
github.com/DoNewsCode/std/pkg/core/c.go:230.23,232.5 1 0
github.com/DoNewsCode/std/pkg/core/c.go:238.16,239.13 1 0
github.com/DoNewsCode/std/pkg/core/c.go:257.35,258.46 1 1
github.com/DoNewsCode/std/pkg/core/c.go:258.46,268.61 2 1
github.com/DoNewsCode/std/pkg/core/c.go:271.3,271.62 1 1
github.com/DoNewsCode/std/pkg/core/c.go:275.3,275.26 1 1
github.com/DoNewsCode/std/pkg/core/c.go:268.61,270.4 1 1
github.com/DoNewsCode/std/pkg/core/c.go:271.62,273.4 1 0
github.com/DoNewsCode/std/pkg/core/c.go:279.46,280.44 1 1
github.com/DoNewsCode/std/pkg/core/c.go:280.44,283.3 2 1
github.com/DoNewsCode/std/pkg/core/c.go:286.49,290.38 4 0
github.com/DoNewsCode/std/pkg/core/c.go:301.2,302.76 2 0
github.com/DoNewsCode/std/pkg/core/c.go:309.2,310.16 2 0
github.com/DoNewsCode/std/pkg/core/c.go:290.38,291.26 1 0
github.com/DoNewsCode/std/pkg/core/c.go:294.3,294.30 1 0
github.com/DoNewsCode/std/pkg/core/c.go:297.3,298.42 2 0
github.com/DoNewsCode/std/pkg/core/c.go:291.26,292.12 1 0
github.com/DoNewsCode/std/pkg/core/c.go:294.30,295.12 1 0
github.com/DoNewsCode/std/pkg/core/c.go:302.76,303.28 1 0
github.com/DoNewsCode/std/pkg/core/c.go:306.3,306.13 1 0
github.com/DoNewsCode/std/pkg/core/c.go:303.28,305.4 1 0
github.com/DoNewsCode/std/pkg/core/c.go:310.16,311.13 1 0
github.com/DoNewsCode/std/pkg/core/c.go:315.48,317.2 1 0
github.com/DoNewsCode/std/pkg/core/c.go:319.52,322.28 2 0
github.com/DoNewsCode/std/pkg/core/c.go:334.2,335.76 2 0
github.com/DoNewsCode/std/pkg/core/c.go:341.2,341.33 1 0
github.com/DoNewsCode/std/pkg/core/c.go:322.28,323.15 1 0
github.com/DoNewsCode/std/pkg/core/c.go:326.3,327.31 2 0
github.com/DoNewsCode/std/pkg/core/c.go:331.3,331.44 1 0
github.com/DoNewsCode/std/pkg/core/c.go:323.15,325.4 1 0
github.com/DoNewsCode/std/pkg/core/c.go:327.31,329.4 1 0
github.com/DoNewsCode/std/pkg/core/c.go:335.76,336.28 1 0
github.com/DoNewsCode/std/pkg/core/c.go:339.3,339.13 1 0
github.com/DoNewsCode/std/pkg/core/c.go:336.28,338.4 1 0
github.com/DoNewsCode/std/pkg/core/c.go:344.37,345.67 1 1
github.com/DoNewsCode/std/pkg/core/c.go:348.2,348.14 1 1
github.com/DoNewsCode/std/pkg/core/c.go:345.67,347.3 1 0
github.com/DoNewsCode/std/pkg/core/c.go:353.33,355.2 1 0
github.com/DoNewsCode/std/pkg/core/c.go:359.36,361.2 1 1
github.com/DoNewsCode/std/pkg/core/default_config.go:40.116,47.36 2 1
github.com/DoNewsCode/std/pkg/core/default_config.go:50.2,51.26 2 1
github.com/DoNewsCode/std/pkg/core/default_config.go:55.2,56.16 2 1
github.com/DoNewsCode/std/pkg/core/default_config.go:59.2,59.12 1 1
github.com/DoNewsCode/std/pkg/core/default_config.go:47.36,49.3 1 0
github.com/DoNewsCode/std/pkg/core/default_config.go:51.26,53.3 1 0
github.com/DoNewsCode/std/pkg/core/default_config.go:56.16,58.3 1 0
github.com/DoNewsCode/std/pkg/core/default_config.go:62.60,65.16 3 1
github.com/DoNewsCode/std/pkg/core/default_config.go:68.2,68.12 1 1
github.com/DoNewsCode/std/pkg/core/default_config.go:65.16,67.3 1 0
github.com/DoNewsCode/std/pkg/core/default_config.go:71.68,74.16 3 1
github.com/DoNewsCode/std/pkg/core/default_config.go:77.2,77.16 1 1
github.com/DoNewsCode/std/pkg/core/default_config.go:74.16,76.3 1 0
github.com/DoNewsCode/std/pkg/core/default_config.go:80.105,87.16 3 1
github.com/DoNewsCode/std/pkg/core/default_config.go:90.2,91.16 2 1
github.com/DoNewsCode/std/pkg/core/default_config.go:94.2,96.58 3 1
github.com/DoNewsCode/std/pkg/core/default_config.go:87.16,89.3 1 0
github.com/DoNewsCode/std/pkg/core/default_config.go:91.16,93.3 1 0
github.com/DoNewsCode/std/pkg/core/default_config.go:99.58,101.2 1 1
github.com/DoNewsCode/std/pkg/core/default_config.go:103.79,105.2 1 1
github.com/DoNewsCode/std/pkg/core/default_config.go:108.53,150.2 1 1
github.com/DoNewsCode/std/pkg/core/serve.go:35.45,39.2 1 0
github.com/DoNewsCode/std/pkg/core/serve.go:47.61,49.2 1 0
github.com/DoNewsCode/std/pkg/core/serve.go:51.44,56.55 1 1
github.com/DoNewsCode/std/pkg/core/serve.go:148.2,148.17 1 1
github.com/DoNewsCode/std/pkg/core/serve.go:56.55,64.4 2 1
github.com/DoNewsCode/std/pkg/core/serve.go:138.4,140.34 2 1
github.com/DoNewsCode/std/pkg/core/serve.go:144.4,145.14 2 1
github.com/DoNewsCode/std/pkg/core/serve.go:64.4,67.19 3 1
github.com/DoNewsCode/std/pkg/core/serve.go:70.5,70.28 1 1
github.com/DoNewsCode/std/pkg/core/serve.go:73.5,76.24 4 1
github.com/DoNewsCode/std/pkg/core/serve.go:67.19,69.6 1 0
github.com/DoNewsCode/std/pkg/core/serve.go:70.28,72.6 1 1
github.com/DoNewsCode/std/pkg/core/serve.go:76.24,79.6 2 1
github.com/DoNewsCode/std/pkg/core/serve.go:79.24,82.6 2 1
github.com/DoNewsCode/std/pkg/core/serve.go:86.4,89.19 3 1
github.com/DoNewsCode/std/pkg/core/serve.go:92.5,92.28 1 1
github.com/DoNewsCode/std/pkg/core/serve.go:95.5,96.24 2 1
github.com/DoNewsCode/std/pkg/core/serve.go:89.19,91.6 1 0
github.com/DoNewsCode/std/pkg/core/serve.go:92.28,94.6 1 1
github.com/DoNewsCode/std/pkg/core/serve.go:96.24,99.6 2 1
github.com/DoNewsCode/std/pkg/core/serve.go:99.24,102.6 2 1
github.com/DoNewsCode/std/pkg/core/serve.go:106.4,107.22 1 1
github.com/DoNewsCode/std/pkg/core/serve.go:110.5,111.24 2 1
github.com/DoNewsCode/std/pkg/core/serve.go:107.22,109.6 1 1
github.com/DoNewsCode/std/pkg/core/serve.go:111.24,115.6 3 1
github.com/DoNewsCode/std/pkg/core/serve.go:115.24,117.6 1 1
github.com/DoNewsCode/std/pkg/core/serve.go:121.4,124.24 3 1
github.com/DoNewsCode/std/pkg/core/serve.go:124.24,125.13 1 1
github.com/DoNewsCode/std/pkg/core/serve.go:131.6,131.16 1 1
github.com/DoNewsCode/std/pkg/core/serve.go:126.22,127.39 1 0
github.com/DoNewsCode/std/pkg/core/serve.go:128.34,129.42 1 1
github.com/DoNewsCode/std/pkg/core/serve.go:132.24,134.6 1 1
github.com/DoNewsCode/std/pkg/core/serve.go:140.34,142.5 1 0
github.com/DoNewsCode/std/pkg/clihttp/client.go:37.46,38.30 1 0
github.com/DoNewsCode/std/pkg/clihttp/client.go:38.30,40.3 1 0
github.com/DoNewsCode/std/pkg/clihttp/client.go:45.46,46.30 1 1
github.com/DoNewsCode/std/pkg/clihttp/client.go:46.30,48.3 1 1
github.com/DoNewsCode/std/pkg/clihttp/client.go:53.47,54.30 1 1
github.com/DoNewsCode/std/pkg/clihttp/client.go:54.30,56.3 1 1
github.com/DoNewsCode/std/pkg/clihttp/client.go:60.70,68.28 3 1
github.com/DoNewsCode/std/pkg/clihttp/client.go:71.2,71.10 1 1
github.com/DoNewsCode/std/pkg/clihttp/client.go:68.28,70.3 1 1
github.com/DoNewsCode/std/pkg/clihttp/client.go:75.64,82.16 5 1
github.com/DoNewsCode/std/pkg/clihttp/client.go:86.2,88.22 2 1
github.com/DoNewsCode/std/pkg/clihttp/client.go:82.16,84.3 1 0
github.com/DoNewsCode/std/pkg/clihttp/client.go:91.72,92.21 1 1
github.com/DoNewsCode/std/pkg/clihttp/client.go:95.2,96.16 2 1
github.com/DoNewsCode/std/pkg/clihttp/client.go:101.2,102.36 2 1
github.com/DoNewsCode/std/pkg/clihttp/client.go:107.2,108.16 2 1
github.com/DoNewsCode/std/pkg/clihttp/client.go:113.2,113.26 1 1
github.com/DoNewsCode/std/pkg/clihttp/client.go:92.21,94.3 1 1
github.com/DoNewsCode/std/pkg/clihttp/client.go:96.16,100.3 3 0
github.com/DoNewsCode/std/pkg/clihttp/client.go:102.36,106.3 3 0
github.com/DoNewsCode/std/pkg/clihttp/client.go:108.16,112.3 3 0
github.com/DoNewsCode/std/pkg/clihttp/client.go:113.26,115.3 1 0
github.com/DoNewsCode/std/pkg/clihttp/client.go:119.79,120.26 1 1
github.com/DoNewsCode/std/pkg/clihttp/client.go:123.2,124.37 2 1
github.com/DoNewsCode/std/pkg/clihttp/client.go:128.2,130.16 3 1
github.com/DoNewsCode/std/pkg/clihttp/client.go:134.2,134.26 1 1
github.com/DoNewsCode/std/pkg/clihttp/client.go:137.2,138.40 2 1
github.com/DoNewsCode/std/pkg/clihttp/client.go:120.26,122.3 1 0
github.com/DoNewsCode/std/pkg/clihttp/client.go:124.37,127.3 2 0
github.com/DoNewsCode/std/pkg/clihttp/client.go:130.16,133.3 2 0
github.com/DoNewsCode/std/pkg/clihttp/client.go:134.26,136.3 1 1
github.com/DoNewsCode/std/pkg/logging/log.go:40.51,41.33 1 1
github.com/DoNewsCode/std/pkg/logging/log.go:42.14,45.16 3 1
github.com/DoNewsCode/std/pkg/logging/log.go:46.10,48.58 1 0
github.com/DoNewsCode/std/pkg/logging/log.go:72.3,75.16 4 0
github.com/DoNewsCode/std/pkg/logging/log.go:48.58,49.43 1 0
github.com/DoNewsCode/std/pkg/logging/log.go:70.4,70.27 1 0
github.com/DoNewsCode/std/pkg/logging/log.go:49.43,50.30 1 0
github.com/DoNewsCode/std/pkg/logging/log.go:53.5,53.52 1 0
github.com/DoNewsCode/std/pkg/logging/log.go:50.30,51.14 1 0
github.com/DoNewsCode/std/pkg/logging/log.go:53.52,54.28 1 0
github.com/DoNewsCode/std/pkg/logging/log.go:55.19,56.47 1 0
github.com/DoNewsCode/std/pkg/logging/log.go:57.18,58.43 1 0
github.com/DoNewsCode/std/pkg/logging/log.go:59.18,60.45 1 0
github.com/DoNewsCode/std/pkg/logging/log.go:61.19,62.42 1 0
github.com/DoNewsCode/std/pkg/logging/log.go:63.18,64.61 1 0
github.com/DoNewsCode/std/pkg/logging/log.go:65.14,66.30 1 0
github.com/DoNewsCode/std/pkg/logging/log.go:81.48,82.18 1 0
github.com/DoNewsCode/std/pkg/logging/log.go:83.15,84.28 1 0
github.com/DoNewsCode/std/pkg/logging/log.go:85.14,86.27 1 0
github.com/DoNewsCode/std/pkg/logging/log.go:87.14,88.27 1 0
github.com/DoNewsCode/std/pkg/logging/log.go:89.15,90.28 1 0
github.com/DoNewsCode/std/pkg/logging/log.go:91.14,92.27 1 0
github.com/DoNewsCode/std/pkg/logging/log.go:93.10,94.26 1 0
github.com/DoNewsCode/std/pkg/logging/log.go:103.55,106.2 2 0
github.com/DoNewsCode/std/pkg/logging/log.go:110.69,112.17 2 1
github.com/DoNewsCode/std/pkg/logging/log.go:115.2,115.63 1 0
github.com/DoNewsCode/std/pkg/logging/log.go:112.17,114.3 1 1
github.com/DoNewsCode/std/pkg/logging/log.go:118.69,123.9 5 1
github.com/DoNewsCode/std/pkg/logging/log.go:126.2,127.32 2 1
github.com/DoNewsCode/std/pkg/logging/log.go:131.2,134.3 1 1
github.com/DoNewsCode/std/pkg/logging/log.go:123.9,125.3 1 1
github.com/DoNewsCode/std/pkg/logging/log.go:127.32,129.3 1 0
github.com/DoNewsCode/std/pkg/logging/log.go:142.57,145.2 2 0
github.com/DoNewsCode/std/pkg/logging/log.go:147.56,150.2 2 0
github.com/DoNewsCode/std/pkg/logging/log.go:152.56,155.2 2 0
github.com/DoNewsCode/std/pkg/logging/log.go:157.55,160.2 2 0
github.com/DoNewsCode/std/pkg/logging/log.go:162.38,164.2 1 1
github.com/DoNewsCode/std/pkg/logging/log.go:166.37,168.2 1 1
github.com/DoNewsCode/std/pkg/logging/log.go:170.37,172.2 1 0
github.com/DoNewsCode/std/pkg/logging/log.go:174.38,176.2 1 0
github.com/DoNewsCode/std/pkg/logging/log.go:184.47,185.39 1 1
github.com/DoNewsCode/std/pkg/logging/log.go:188.2,188.31 1 1
github.com/DoNewsCode/std/pkg/logging/log.go:185.39,187.3 1 0
github.com/DoNewsCode/std/pkg/logging/log.go:196.63,206.2 1 0
github.com/DoNewsCode/std/pkg/kitmw/log.go:18.106,19.60 1 1
github.com/DoNewsCode/std/pkg/kitmw/log.go:19.60,20.91 1 1
github.com/DoNewsCode/std/pkg/kitmw/log.go:20.91,24.18 4 1
github.com/DoNewsCode/std/pkg/kitmw/log.go:30.4,34.24 2 1
github.com/DoNewsCode/std/pkg/kitmw/log.go:24.18,26.95 2 0
github.com/DoNewsCode/std/pkg/kitmw/log.go:26.95,28.6 1 0
github.com/DoNewsCode/std/pkg/kitmw/log.go:39.111,40.75 1 0
github.com/DoNewsCode/std/pkg/kitmw/log.go:40.75,42.3 1 0
github.com/DoNewsCode/std/pkg/kitmw/metrics.go:14.98,15.66 1 0
github.com/DoNewsCode/std/pkg/kitmw/metrics.go:15.66,17.3 1 0
github.com/DoNewsCode/std/pkg/kitmw/metrics.go:21.93,22.53 1 1
github.com/DoNewsCode/std/pkg/kitmw/metrics.go:22.53,23.91 1 1
github.com/DoNewsCode/std/pkg/kitmw/metrics.go:23.91,24.32 1 1
github.com/DoNewsCode/std/pkg/kitmw/metrics.go:27.4,27.26 1 1
github.com/DoNewsCode/std/pkg/kitmw/metrics.go:24.32,26.5 1 1
github.com/DoNewsCode/std/pkg/kitmw/timeout.go:11.72,12.53 1 1
github.com/DoNewsCode/std/pkg/kitmw/timeout.go:12.53,13.91 1 1
github.com/DoNewsCode/std/pkg/kitmw/timeout.go:13.91,17.4 3 1
github.com/DoNewsCode/std/pkg/kitmw/validation.go:22.53,23.54 1 0
github.com/DoNewsCode/std/pkg/kitmw/validation.go:23.54,24.83 1 0
github.com/DoNewsCode/std/pkg/kitmw/validation.go:24.83,25.36 1 0
github.com/DoNewsCode/std/pkg/kitmw/validation.go:31.4,32.10 2 0
github.com/DoNewsCode/std/pkg/kitmw/validation.go:25.36,27.19 2 0
github.com/DoNewsCode/std/pkg/kitmw/validation.go:27.19,29.6 1 0
github.com/DoNewsCode/std/pkg/kitmw/async.go:16.65,17.56 1 0
github.com/DoNewsCode/std/pkg/kitmw/async.go:17.56,18.91 1 0
github.com/DoNewsCode/std/pkg/kitmw/async.go:18.91,20.14 2 0
github.com/DoNewsCode/std/pkg/kitmw/async.go:27.4,27.19 1 0
github.com/DoNewsCode/std/pkg/kitmw/async.go:20.14,23.19 3 0
github.com/DoNewsCode/std/pkg/kitmw/async.go:23.19,25.6 1 0
github.com/DoNewsCode/std/pkg/kitmw/error.go:26.73,27.53 1 1
github.com/DoNewsCode/std/pkg/kitmw/error.go:27.53,28.91 1 1
github.com/DoNewsCode/std/pkg/kitmw/error.go:28.91,29.17 1 1
github.com/DoNewsCode/std/pkg/kitmw/error.go:37.4,38.18 2 1
github.com/DoNewsCode/std/pkg/kitmw/error.go:52.4,52.24 1 0
github.com/DoNewsCode/std/pkg/kitmw/error.go:29.17,30.27 1 1
github.com/DoNewsCode/std/pkg/kitmw/error.go:33.5,33.35 1 1
github.com/DoNewsCode/std/pkg/kitmw/error.go:30.27,32.6 1 1
github.com/DoNewsCode/std/pkg/kitmw/error.go:33.35,35.6 1 1
github.com/DoNewsCode/std/pkg/kitmw/error.go:38.18,40.38 2 1
github.com/DoNewsCode/std/pkg/kitmw/error.go:43.5,43.26 1 1
github.com/DoNewsCode/std/pkg/kitmw/error.go:49.5,49.33 1 1
github.com/DoNewsCode/std/pkg/kitmw/error.go:40.38,42.6 1 1
github.com/DoNewsCode/std/pkg/kitmw/error.go:43.26,44.65 1 0
github.com/DoNewsCode/std/pkg/kitmw/error.go:44.65,46.7 1 0
github.com/DoNewsCode/std/pkg/kitmw/error_encoder.go:11.72,14.2 2 0
github.com/DoNewsCode/std/pkg/kitmw/ip.go:18.50,19.68 1 0
github.com/DoNewsCode/std/pkg/kitmw/ip.go:19.68,21.3 1 0
github.com/DoNewsCode/std/pkg/kitmw/ip.go:26.56,27.67 1 0
github.com/DoNewsCode/std/pkg/kitmw/ip.go:27.67,30.3 2 0
github.com/DoNewsCode/std/pkg/kitmw/ip.go:33.37,38.51 4 0
github.com/DoNewsCode/std/pkg/kitmw/ip.go:47.2,47.47 1 0
github.com/DoNewsCode/std/pkg/kitmw/ip.go:51.2,52.11 2 0
github.com/DoNewsCode/std/pkg/kitmw/ip.go:38.51,40.14 2 0
github.com/DoNewsCode/std/pkg/kitmw/ip.go:43.3,44.12 2 0
github.com/DoNewsCode/std/pkg/kitmw/ip.go:40.14,42.4 1 0
github.com/DoNewsCode/std/pkg/kitmw/ip.go:47.47,49.3 1 0
github.com/DoNewsCode/std/pkg/kitmw/retry.go:12.78,13.56 1 1
github.com/DoNewsCode/std/pkg/kitmw/retry.go:13.56,15.3 1 1
github.com/DoNewsCode/std/pkg/kitmw/trace.go:15.105,16.75 1 0
github.com/DoNewsCode/std/pkg/kitmw/trace.go:16.75,19.3 2 0
github.com/DoNewsCode/std/pkg/kitmw/trace.go:24.100,25.60 1 1
github.com/DoNewsCode/std/pkg/kitmw/trace.go:25.60,28.3 2 1
github.com/DoNewsCode/std/pkg/kitmw/trace.go:36.111,37.56 1 1
github.com/DoNewsCode/std/pkg/kitmw/trace.go:37.56,38.78 1 1
github.com/DoNewsCode/std/pkg/kitmw/trace.go:38.78,40.25 2 1
github.com/DoNewsCode/std/pkg/kitmw/trace.go:46.4,48.73 3 1
github.com/DoNewsCode/std/pkg/kitmw/trace.go:54.4,61.18 7 1
github.com/DoNewsCode/std/pkg/kitmw/trace.go:65.4,65.20 1 1
github.com/DoNewsCode/std/pkg/kitmw/trace.go:40.25,43.5 1 1
github.com/DoNewsCode/std/pkg/kitmw/trace.go:43.10,45.5 1 0
github.com/DoNewsCode/std/pkg/kitmw/trace.go:48.73,49.35 1 0
github.com/DoNewsCode/std/pkg/kitmw/trace.go:49.35,51.6 1 0
github.com/DoNewsCode/std/pkg/kitmw/trace.go:61.18,63.5 1 1
github.com/DoNewsCode/std/pkg/kitmw/trace.go:72.111,73.56 1 0
github.com/DoNewsCode/std/pkg/kitmw/trace.go:73.56,74.78 1 0
github.com/DoNewsCode/std/pkg/kitmw/trace.go:74.78,76.72 2 0
github.com/DoNewsCode/std/pkg/kitmw/trace.go:84.4,88.18 5 0
github.com/DoNewsCode/std/pkg/kitmw/trace.go:91.4,91.20 1 0
github.com/DoNewsCode/std/pkg/kitmw/trace.go:76.72,81.5 1 0
github.com/DoNewsCode/std/pkg/kitmw/trace.go:81.10,83.5 1 0
github.com/DoNewsCode/std/pkg/kitmw/trace.go:88.18,90.5 1 0
github.com/DoNewsCode/std/pkg/ginmw/log.go:16.92,19.39 2 0
github.com/DoNewsCode/std/pkg/ginmw/log.go:27.2,27.30 1 0
github.com/DoNewsCode/std/pkg/ginmw/log.go:19.39,22.31 2 0
github.com/DoNewsCode/std/pkg/ginmw/log.go:22.31,24.4 1 0
github.com/DoNewsCode/std/pkg/ginmw/log.go:27.30,35.31 6 0
github.com/DoNewsCode/std/pkg/ginmw/log.go:35.31,47.4 5 0
github.com/DoNewsCode/std/pkg/ginmw/metrics.go:16.94,17.30 1 0
github.com/DoNewsCode/std/pkg/ginmw/metrics.go:17.30,18.14 1 0
github.com/DoNewsCode/std/pkg/ginmw/metrics.go:24.3,24.31 1 0
github.com/DoNewsCode/std/pkg/ginmw/metrics.go:27.3,27.11 1 0
github.com/DoNewsCode/std/pkg/ginmw/metrics.go:18.14,20.4 1 0
github.com/DoNewsCode/std/pkg/ginmw/metrics.go:20.9,22.4 1 0
github.com/DoNewsCode/std/pkg/ginmw/metrics.go:24.31,26.4 1 0
github.com/DoNewsCode/std/pkg/ginmw/trace.go:14.80,15.93 1 0
github.com/DoNewsCode/std/pkg/ginmw/trace.go:15.93,17.3 1 0
github.com/DoNewsCode/std/pkg/ginmw/context.go:11.36,12.30 1 1
github.com/DoNewsCode/std/pkg/ginmw/context.go:12.30,18.3 5 1
github.com/DoNewsCode/std/pkg/text/printer.go:16.67,18.2 1 1
github.com/DoNewsCode/std/pkg/observability/tracer.go:20.39,44.16 6 1
github.com/DoNewsCode/std/pkg/observability/tracer.go:48.2,48.19 1 1
github.com/DoNewsCode/std/pkg/observability/tracer.go:54.2,54.28 1 1
github.com/DoNewsCode/std/pkg/observability/tracer.go:44.16,47.3 2 0
github.com/DoNewsCode/std/pkg/observability/tracer.go:48.19,49.42 1 1
github.com/DoNewsCode/std/pkg/observability/tracer.go:49.42,51.4 1 0
github.com/DoNewsCode/std/pkg/observability/jaeger.go:17.66,19.2 1 1
github.com/DoNewsCode/std/pkg/observability/jaeger.go:22.45,24.2 1 0
github.com/DoNewsCode/std/pkg/observability/jaeger.go:27.58,29.2 1 1
github.com/DoNewsCode/std/pkg/observability/metrics.go:22.92,23.21 1 1
github.com/DoNewsCode/std/pkg/observability/metrics.go:31.2,31.13 1 1
github.com/DoNewsCode/std/pkg/observability/metrics.go:23.21,30.3 1 1
github.com/DoNewsCode/std/pkg/observability/observability.go:34.68,44.2 5 1
github.com/DoNewsCode/std/pkg/observability/observability.go:57.45,68.2 3 1
github.com/DoNewsCode/std/pkg/unierr/error.go:30.46,31.22 1 0
github.com/DoNewsCode/std/pkg/unierr/error.go:34.2,37.3 1 0
github.com/DoNewsCode/std/pkg/unierr/error.go:31.22,33.3 1 0
github.com/DoNewsCode/std/pkg/unierr/error.go:41.71,43.2 1 0
github.com/DoNewsCode/std/pkg/unierr/error.go:46.46,53.2 2 1
github.com/DoNewsCode/std/pkg/unierr/error.go:59.83,64.2 4 0
github.com/DoNewsCode/std/pkg/unierr/error.go:84.51,89.67 2 1
github.com/DoNewsCode/std/pkg/unierr/error.go:92.2,95.12 4 1
github.com/DoNewsCode/std/pkg/unierr/error.go:89.67,91.3 1 0
github.com/DoNewsCode/std/pkg/unierr/error.go:99.58,107.2 4 1
github.com/DoNewsCode/std/pkg/unierr/error.go:110.32,111.22 1 1
github.com/DoNewsCode/std/pkg/unierr/error.go:114.2,114.44 1 1
github.com/DoNewsCode/std/pkg/unierr/error.go:111.22,113.3 1 1
github.com/DoNewsCode/std/pkg/unierr/error.go:118.45,120.2 1 1
github.com/DoNewsCode/std/pkg/unierr/error.go:123.42,129.2 1 1
github.com/DoNewsCode/std/pkg/unierr/error.go:133.34,134.33 1 1
github.com/DoNewsCode/std/pkg/unierr/error.go:137.2,137.16 1 1
github.com/DoNewsCode/std/pkg/unierr/error.go:134.33,136.3 1 0
github.com/DoNewsCode/std/pkg/unierr/error.go:138.16,139.23 1 0
github.com/DoNewsCode/std/pkg/unierr/error.go:140.22,141.13 1 0
github.com/DoNewsCode/std/pkg/unierr/error.go:142.21,143.40 1 0
github.com/DoNewsCode/std/pkg/unierr/error.go:144.29,145.31 1 0
github.com/DoNewsCode/std/pkg/unierr/error.go:146.30,147.35 1 0
github.com/DoNewsCode/std/pkg/unierr/error.go:148.22,149.29 1 1
github.com/DoNewsCode/std/pkg/unierr/error.go:150.27,151.29 1 0
github.com/DoNewsCode/std/pkg/unierr/error.go:152.30,153.30 1 0
github.com/DoNewsCode/std/pkg/unierr/error.go:154.31,155.36 1 0
github.com/DoNewsCode/std/pkg/unierr/error.go:156.32,157.31 1 0
github.com/DoNewsCode/std/pkg/unierr/error.go:158.21,159.29 1 0
github.com/DoNewsCode/std/pkg/unierr/error.go:160.24,161.31 1 0
github.com/DoNewsCode/std/pkg/unierr/error.go:162.27,163.35 1 0
github.com/DoNewsCode/std/pkg/unierr/error.go:164.22,165.40 1 0
github.com/DoNewsCode/std/pkg/unierr/error.go:166.29,167.33 1 0
github.com/DoNewsCode/std/pkg/unierr/error.go:168.10,169.13 1 0
github.com/DoNewsCode/std/pkg/unierr/error.go:174.32,176.2 1 0
github.com/DoNewsCode/std/pkg/unierr/error.go:183.48,184.40 1 0
github.com/DoNewsCode/std/pkg/unierr/error.go:187.2,187.59 1 0
github.com/DoNewsCode/std/pkg/unierr/error.go:184.40,186.3 1 0
github.com/DoNewsCode/std/pkg/unierr/error.go:191.33,193.2 1 0
github.com/DoNewsCode/std/pkg/unierr/error.go:196.33,198.2 1 0
github.com/DoNewsCode/std/pkg/unierr/error.go:201.61,203.2 1 0
github.com/DoNewsCode/std/pkg/unierr/error.go:206.34,208.2 1 0
github.com/DoNewsCode/std/pkg/unierr/error.go:211.69,213.2 1 0
github.com/DoNewsCode/std/pkg/unierr/error.go:216.42,218.2 1 0
github.com/DoNewsCode/std/pkg/unierr/error.go:221.66,223.2 1 0
github.com/DoNewsCode/std/pkg/unierr/error.go:226.39,228.2 1 0
github.com/DoNewsCode/std/pkg/unierr/error.go:231.60,233.2 1 0
github.com/DoNewsCode/std/pkg/unierr/error.go:236.33,238.2 1 1
github.com/DoNewsCode/std/pkg/unierr/error.go:241.63,243.2 1 0
github.com/DoNewsCode/std/pkg/unierr/error.go:246.36,248.2 1 0
github.com/DoNewsCode/std/pkg/unierr/error.go:251.66,253.2 1 0
github.com/DoNewsCode/std/pkg/unierr/error.go:256.39,258.2 1 0
github.com/DoNewsCode/std/pkg/unierr/error.go:261.61,263.2 1 0
github.com/DoNewsCode/std/pkg/unierr/error.go:266.34,268.2 1 0
github.com/DoNewsCode/std/pkg/unierr/error.go:271.69,273.2 1 0
github.com/DoNewsCode/std/pkg/unierr/error.go:276.42,278.2 1 0
github.com/DoNewsCode/std/pkg/unierr/error.go:281.68,283.2 1 0
github.com/DoNewsCode/std/pkg/unierr/error.go:286.41,288.2 1 0
github.com/DoNewsCode/std/pkg/unierr/error.go:291.61,293.2 1 0
github.com/DoNewsCode/std/pkg/unierr/error.go:296.34,298.2 1 0
github.com/DoNewsCode/std/pkg/unierr/error.go:301.64,303.2 1 0
github.com/DoNewsCode/std/pkg/unierr/error.go:306.37,308.2 1 0
github.com/DoNewsCode/std/pkg/unierr/error.go:311.61,313.2 1 0
github.com/DoNewsCode/std/pkg/unierr/error.go:316.34,318.2 1 0
github.com/DoNewsCode/std/pkg/unierr/error.go:321.68,323.2 1 0
github.com/DoNewsCode/std/pkg/unierr/error.go:326.41,328.2 1 0
github.com/DoNewsCode/std/pkg/unierr/error.go:331.70,333.2 1 0
github.com/DoNewsCode/std/pkg/unierr/error.go:336.43,338.2 1 0
github.com/DoNewsCode/std/pkg/unierr/error.go:341.71,343.2 1 0
github.com/DoNewsCode/std/pkg/unierr/error.go:346.44,348.2 1 0
github.com/DoNewsCode/std/pkg/unierr/error.go:350.70,351.26 1 0
github.com/DoNewsCode/std/pkg/unierr/error.go:354.2,354.41 1 0
github.com/DoNewsCode/std/pkg/unierr/error.go:357.2,357.49 1 0
github.com/DoNewsCode/std/pkg/unierr/error.go:351.26,353.3 1 0
github.com/DoNewsCode/std/pkg/unierr/error.go:354.41,356.3 1 0
github.com/DoNewsCode/std/pkg/unierr/error.go:360.42,362.34 2 1
github.com/DoNewsCode/std/pkg/unierr/error.go:365.2,365.14 1 0
github.com/DoNewsCode/std/pkg/unierr/error.go:362.34,364.3 1 1
github.com/DoNewsCode/std/pkg/otredis/hook.go:23.92,32.2 8 0
github.com/DoNewsCode/std/pkg/otredis/hook.go:35.72,37.17 2 0
github.com/DoNewsCode/std/pkg/otredis/hook.go:45.2,45.12 1 0
github.com/DoNewsCode/std/pkg/otredis/hook.go:37.17,39.23 1 0
github.com/DoNewsCode/std/pkg/otredis/hook.go:43.3,43.16 1 0
github.com/DoNewsCode/std/pkg/otredis/hook.go:39.23,42.4 2 0
github.com/DoNewsCode/std/pkg/otredis/hook.go:49.103,57.27 8 0
github.com/DoNewsCode/std/pkg/otredis/hook.go:60.2,61.20 2 0
github.com/DoNewsCode/std/pkg/otredis/hook.go:57.27,59.3 1 0
github.com/DoNewsCode/std/pkg/otredis/hook.go:65.83,67.17 2 0
github.com/DoNewsCode/std/pkg/otredis/hook.go:75.2,75.12 1 0
github.com/DoNewsCode/std/pkg/otredis/hook.go:67.17,69.23 1 0
github.com/DoNewsCode/std/pkg/otredis/hook.go:73.3,73.16 1 0
github.com/DoNewsCode/std/pkg/otredis/hook.go:69.23,72.4 2 0
github.com/DoNewsCode/std/pkg/otredis/provider.go:44.49,48.16 4 1
github.com/DoNewsCode/std/pkg/otredis/provider.go:51.2,51.62 1 1
github.com/DoNewsCode/std/pkg/otredis/provider.go:79.2,88.37 5 1
github.com/DoNewsCode/std/pkg/otredis/provider.go:48.16,50.3 1 0
github.com/DoNewsCode/std/pkg/otredis/provider.go:51.62,56.36 2 1
github.com/DoNewsCode/std/pkg/otredis/provider.go:59.3,59.27 1 1
github.com/DoNewsCode/std/pkg/otredis/provider.go:62.3,63.22 2 1
github.com/DoNewsCode/std/pkg/otredis/provider.go:72.3,74.19 1 1
github.com/DoNewsCode/std/pkg/otredis/provider.go:56.36,58.4 1 0
github.com/DoNewsCode/std/pkg/otredis/provider.go:59.27,61.4 1 0
github.com/DoNewsCode/std/pkg/otredis/provider.go:63.22,71.4 1 0
github.com/DoNewsCode/std/pkg/otredis/provider.go:74.19,76.5 1 1
github.com/DoNewsCode/std/pkg/otredis/provider.go:103.67,105.16 2 1
github.com/DoNewsCode/std/pkg/otredis/provider.go:108.2,108.44 1 1
github.com/DoNewsCode/std/pkg/otredis/provider.go:105.16,107.3 1 0
github.com/DoNewsCode/std/pkg/otredis/provider.go:112.46,147.2 1 1
github.com/DoNewsCode/std/pkg/srvhttp/encode.go:37.65,39.2 1 1
github.com/DoNewsCode/std/pkg/srvhttp/encode.go:44.67,45.16 1 1
github.com/DoNewsCode/std/pkg/srvhttp/encode.go:49.2,49.28 1 1
github.com/DoNewsCode/std/pkg/srvhttp/encode.go:45.16,48.3 2 1
github.com/DoNewsCode/std/pkg/srvhttp/encode.go:53.50,55.2 1 1
github.com/DoNewsCode/std/pkg/srvhttp/encode.go:59.64,61.2 1 1
github.com/DoNewsCode/std/pkg/srvhttp/encode.go:63.63,67.40 3 1
github.com/DoNewsCode/std/pkg/srvhttp/encode.go:72.2,72.37 1 1
github.com/DoNewsCode/std/pkg/srvhttp/encode.go:75.2,77.25 2 1
github.com/DoNewsCode/std/pkg/srvhttp/encode.go:67.40,68.37 1 0
github.com/DoNewsCode/std/pkg/srvhttp/encode.go:68.37,70.4 1 0
github.com/DoNewsCode/std/pkg/srvhttp/encode.go:72.37,74.3 1 1
github.com/DoNewsCode/std/pkg/srvhttp/encode.go:78.22,80.24 2 1
github.com/DoNewsCode/std/pkg/srvhttp/encode.go:81.21,86.31 2 0
github.com/DoNewsCode/std/pkg/srvhttp/encode.go:87.13,91.5 2 1
github.com/DoNewsCode/std/pkg/srvhttp/encode.go:92.10,94.24 2 1
github.com/DoNewsCode/std/pkg/srvhttp/healthcheck.go:15.54,18.2 2 0
github.com/DoNewsCode/std/pkg/srvhttp/log.go:18.62,21.2 2 0
github.com/DoNewsCode/std/pkg/srvhttp/log.go:24.89,25.49 1 0
github.com/DoNewsCode/std/pkg/srvhttp/log.go:25.49,27.3 1 0
github.com/DoNewsCode/std/pkg/srvhttp/metrics.go:13.56,15.2 1 0
github.com/DoNewsCode/std/pkg/srvhttp/debug.go:15.54,23.2 7 0
github.com/DoNewsCode/std/pkg/srvhttp/docs.go:14.53,17.2 2 0
github.com/DoNewsCode/std/pkg/srvhttp/docs.go:19.33,22.2 1 0
github.com/DoNewsCode/std/pkg/otmongo/hook.go:27.80,45.2 13 0
github.com/DoNewsCode/std/pkg/otmongo/hook.go:47.84,49.2 1 0
github.com/DoNewsCode/std/pkg/otmongo/hook.go:51.78,53.2 1 0
github.com/DoNewsCode/std/pkg/otmongo/hook.go:55.72,62.8 4 0
github.com/DoNewsCode/std/pkg/otmongo/hook.go:65.2,66.9 2 0
github.com/DoNewsCode/std/pkg/otmongo/hook.go:69.2,69.16 1 0
github.com/DoNewsCode/std/pkg/otmongo/hook.go:73.2,73.15 1 0
github.com/DoNewsCode/std/pkg/otmongo/hook.go:62.8,64.3 1 0
github.com/DoNewsCode/std/pkg/otmongo/hook.go:66.9,68.3 1 0
github.com/DoNewsCode/std/pkg/otmongo/hook.go:69.16,72.3 2 0
github.com/DoNewsCode/std/pkg/otmongo/hook.go:77.66,87.2 2 0
github.com/DoNewsCode/std/pkg/otmongo/hook.go:89.78,92.55 3 0
github.com/DoNewsCode/std/pkg/otmongo/hook.go:95.2,95.55 1 0
github.com/DoNewsCode/std/pkg/otmongo/hook.go:99.2,100.35 2 0
github.com/DoNewsCode/std/pkg/otmongo/hook.go:92.55,94.3 1 0
github.com/DoNewsCode/std/pkg/otmongo/hook.go:95.55,98.3 2 0
github.com/DoNewsCode/std/pkg/otmongo/provider.go:46.49,50.16 4 1
github.com/DoNewsCode/std/pkg/otmongo/provider.go:53.2,53.62 1 1
github.com/DoNewsCode/std/pkg/otmongo/provider.go:80.2,87.18 3 1
github.com/DoNewsCode/std/pkg/otmongo/provider.go:50.16,52.3 1 0
github.com/DoNewsCode/std/pkg/otmongo/provider.go:53.62,58.36 2 1
github.com/DoNewsCode/std/pkg/otmongo/provider.go:64.3,66.22 3 1
github.com/DoNewsCode/std/pkg/otmongo/provider.go:69.3,70.17 2 1
github.com/DoNewsCode/std/pkg/otmongo/provider.go:73.3,75.19 1 1
github.com/DoNewsCode/std/pkg/otmongo/provider.go:58.36,59.25 1 1
github.com/DoNewsCode/std/pkg/otmongo/provider.go:62.4,62.42 1 1
github.com/DoNewsCode/std/pkg/otmongo/provider.go:59.25,61.5 1 0
github.com/DoNewsCode/std/pkg/otmongo/provider.go:66.22,68.4 1 0
github.com/DoNewsCode/std/pkg/otmongo/provider.go:70.17,72.4 1 0
github.com/DoNewsCode/std/pkg/otmongo/provider.go:75.19,77.5 1 1
github.com/DoNewsCode/std/pkg/otmongo/provider.go:97.59,99.16 2 1
github.com/DoNewsCode/std/pkg/otmongo/provider.go:102.2,102.36 1 1
github.com/DoNewsCode/std/pkg/otmongo/provider.go:99.16,101.3 1 0
github.com/DoNewsCode/std/pkg/otmongo/provider.go:106.46,122.2 1 1
github.com/DoNewsCode/std/pkg/otgorm/dependency.go:21.41,23.2 1 0
github.com/DoNewsCode/std/pkg/otgorm/dependency.go:76.67,77.30 1 1
github.com/DoNewsCode/std/pkg/otgorm/dependency.go:80.2,80.31 1 1
github.com/DoNewsCode/std/pkg/otgorm/dependency.go:83.2,83.66 1 0
github.com/DoNewsCode/std/pkg/otgorm/dependency.go:77.30,79.3 1 1
github.com/DoNewsCode/std/pkg/otgorm/dependency.go:80.31,82.3 1 1
github.com/DoNewsCode/std/pkg/otgorm/dependency.go:88.71,106.2 1 1
github.com/DoNewsCode/std/pkg/otgorm/dependency.go:112.120,114.16 2 1
github.com/DoNewsCode/std/pkg/otgorm/dependency.go:117.2,117.19 1 1
github.com/DoNewsCode/std/pkg/otgorm/dependency.go:120.2,120.20 1 1
github.com/DoNewsCode/std/pkg/otgorm/dependency.go:114.16,116.3 1 0
github.com/DoNewsCode/std/pkg/otgorm/dependency.go:117.19,119.3 1 0
github.com/DoNewsCode/std/pkg/otgorm/dependency.go:120.20,121.40 1 1
github.com/DoNewsCode/std/pkg/otgorm/dependency.go:121.40,123.4 1 1
github.com/DoNewsCode/std/pkg/otgorm/dependency.go:129.65,134.50 4 1
github.com/DoNewsCode/std/pkg/otgorm/dependency.go:139.2,144.17 1 1
github.com/DoNewsCode/std/pkg/otgorm/dependency.go:134.50,136.11 1 0
github.com/DoNewsCode/std/pkg/otgorm/dependency.go:136.12,136.13 0 0
github.com/DoNewsCode/std/pkg/otgorm/dependency.go:154.54,156.16 2 1
github.com/DoNewsCode/std/pkg/otgorm/dependency.go:159.2,159.27 1 1
github.com/DoNewsCode/std/pkg/otgorm/dependency.go:156.16,158.3 1 0
github.com/DoNewsCode/std/pkg/otgorm/dependency.go:164.39,177.2 3 0
github.com/DoNewsCode/std/pkg/otgorm/dependency.go:179.55,184.16 4 1
github.com/DoNewsCode/std/pkg/otgorm/dependency.go:187.2,187.62 1 1
github.com/DoNewsCode/std/pkg/otgorm/dependency.go:215.2,216.35 2 1
github.com/DoNewsCode/std/pkg/otgorm/dependency.go:184.16,186.3 1 0
github.com/DoNewsCode/std/pkg/otgorm/dependency.go:187.62,195.36 2 1
github.com/DoNewsCode/std/pkg/otgorm/dependency.go:198.3,199.17 2 1
github.com/DoNewsCode/std/pkg/otgorm/dependency.go:202.3,203.37 2 1
github.com/DoNewsCode/std/pkg/otgorm/dependency.go:206.3,207.17 2 1
github.com/DoNewsCode/std/pkg/otgorm/dependency.go:210.3,213.9 1 1
github.com/DoNewsCode/std/pkg/otgorm/dependency.go:195.36,197.4 1 0
github.com/DoNewsCode/std/pkg/otgorm/dependency.go:199.17,201.4 1 0
github.com/DoNewsCode/std/pkg/otgorm/dependency.go:203.37,205.4 1 0
github.com/DoNewsCode/std/pkg/otgorm/dependency.go:207.17,209.4 1 0
github.com/DoNewsCode/std/pkg/otgorm/dependency.go:220.46,249.2 1 1
github.com/DoNewsCode/std/pkg/otgorm/log.go:19.76,20.58 1 0
github.com/DoNewsCode/std/pkg/otgorm/log.go:24.79,26.2 1 1
github.com/DoNewsCode/std/pkg/otgorm/log.go:29.79,31.2 1 0
github.com/DoNewsCode/std/pkg/otgorm/log.go:34.80,36.2 1 0
github.com/DoNewsCode/std/pkg/otgorm/log.go:39.107,44.16 4 1
github.com/DoNewsCode/std/pkg/otgorm/log.go:49.2,49.16 1 1
github.com/DoNewsCode/std/pkg/otgorm/log.go:44.16,46.3 1 1
github.com/DoNewsCode/std/pkg/otgorm/log.go:46.8,48.3 1 0
github.com/DoNewsCode/std/pkg/otgorm/log.go:49.16,51.3 1 1
github.com/DoNewsCode/std/pkg/otgorm/log.go:51.8,53.3 1 1
github.com/DoNewsCode/std/pkg/otgorm/migration.go:33.56,35.24 2 1
github.com/DoNewsCode/std/pkg/otgorm/migration.go:42.2,42.12 1 1
github.com/DoNewsCode/std/pkg/otgorm/migration.go:35.24,41.3 1 1
github.com/DoNewsCode/std/pkg/otgorm/migration.go:46.37,49.2 2 1
github.com/DoNewsCode/std/pkg/otgorm/migration.go:53.47,55.16 2 1
github.com/DoNewsCode/std/pkg/otgorm/migration.go:58.2,58.33 1 0
github.com/DoNewsCode/std/pkg/otgorm/migration.go:55.16,57.3 1 1
github.com/DoNewsCode/std/pkg/otgorm/module.go:35.96,42.2 1 1
github.com/DoNewsCode/std/pkg/otgorm/module.go:45.56,55.55 2 1
github.com/DoNewsCode/std/pkg/otgorm/module.go:85.2,93.55 4 1
github.com/DoNewsCode/std/pkg/otgorm/module.go:113.2,122.33 4 1
github.com/DoNewsCode/std/pkg/otgorm/module.go:55.55,57.21 2 1
github.com/DoNewsCode/std/pkg/otgorm/module.go:61.4,61.38 1 1
github.com/DoNewsCode/std/pkg/otgorm/module.go:66.4,68.24 2 1
github.com/DoNewsCode/std/pkg/otgorm/module.go:77.4,77.47 1 1
github.com/DoNewsCode/std/pkg/otgorm/module.go:81.4,82.14 2 1
github.com/DoNewsCode/std/pkg/otgorm/module.go:57.21,59.5 1 0
github.com/DoNewsCode/std/pkg/otgorm/module.go:61.38,64.5 2 0
github.com/DoNewsCode/std/pkg/otgorm/module.go:68.24,69.59 1 1
github.com/DoNewsCode/std/pkg/otgorm/module.go:73.5,74.15 2 1
github.com/DoNewsCode/std/pkg/otgorm/module.go:69.59,71.6 1 0
github.com/DoNewsCode/std/pkg/otgorm/module.go:77.47,79.5 1 0
github.com/DoNewsCode/std/pkg/otgorm/module.go:93.55,95.21 2 1
github.com/DoNewsCode/std/pkg/otgorm/module.go:99.4,99.38 1 1
github.com/DoNewsCode/std/pkg/otgorm/module.go:103.4,105.39 2 1
github.com/DoNewsCode/std/pkg/otgorm/module.go:109.4,110.14 2 1
github.com/DoNewsCode/std/pkg/otgorm/module.go:95.21,97.5 1 0
github.com/DoNewsCode/std/pkg/otgorm/module.go:99.38,101.5 1 0
github.com/DoNewsCode/std/pkg/otgorm/module.go:105.39,107.5 1 0
github.com/DoNewsCode/std/pkg/otgorm/module.go:125.65,126.22 1 1
github.com/DoNewsCode/std/pkg/otgorm/module.go:129.2,130.57 2 1
github.com/DoNewsCode/std/pkg/otgorm/module.go:140.2,141.19 2 1
github.com/DoNewsCode/std/pkg/otgorm/module.go:126.22,128.3 1 0
github.com/DoNewsCode/std/pkg/otgorm/module.go:130.57,131.50 1 1
github.com/DoNewsCode/std/pkg/otgorm/module.go:131.50,132.34 1 1
github.com/DoNewsCode/std/pkg/otgorm/module.go:135.4,135.42 1 1
github.com/DoNewsCode/std/pkg/otgorm/module.go:132.34,134.5 1 1
github.com/DoNewsCode/std/pkg/otgorm/module.go:135.42,137.5 1 1
github.com/DoNewsCode/std/pkg/otgorm/module.go:144.55,145.22 1 1
github.com/DoNewsCode/std/pkg/otgorm/module.go:148.2,149.52 2 1
github.com/DoNewsCode/std/pkg/otgorm/module.go:159.2,161.14 3 1
github.com/DoNewsCode/std/pkg/otgorm/module.go:145.22,147.3 1 0
github.com/DoNewsCode/std/pkg/otgorm/module.go:149.52,150.40 1 1
github.com/DoNewsCode/std/pkg/otgorm/module.go:150.40,151.29 1 1
github.com/DoNewsCode/std/pkg/otgorm/module.go:154.4,154.37 1 1
github.com/DoNewsCode/std/pkg/otgorm/module.go:151.29,153.5 1 1
github.com/DoNewsCode/std/pkg/otgorm/module.go:154.37,156.5 1 1
github.com/DoNewsCode/std/pkg/otgorm/otgorm.go:15.63,22.2 6 0
github.com/DoNewsCode/std/pkg/otgorm/otgorm.go:28.57,30.2 1 0
github.com/DoNewsCode/std/pkg/otgorm/otgorm.go:32.52,32.71 1 0
github.com/DoNewsCode/std/pkg/otgorm/otgorm.go:33.52,33.80 1 0
github.com/DoNewsCode/std/pkg/otgorm/otgorm.go:34.52,34.71 1 0
github.com/DoNewsCode/std/pkg/otgorm/otgorm.go:35.52,35.80 1 0
github.com/DoNewsCode/std/pkg/otgorm/otgorm.go:36.52,36.71 1 0
github.com/DoNewsCode/std/pkg/otgorm/otgorm.go:37.52,37.80 1 0
github.com/DoNewsCode/std/pkg/otgorm/otgorm.go:38.52,38.71 1 0
github.com/DoNewsCode/std/pkg/otgorm/otgorm.go:39.52,39.80 1 0
github.com/DoNewsCode/std/pkg/otgorm/otgorm.go:40.52,40.71 1 0
github.com/DoNewsCode/std/pkg/otgorm/otgorm.go:41.52,41.74 1 0
github.com/DoNewsCode/std/pkg/otgorm/otgorm.go:43.41,48.2 4 0
github.com/DoNewsCode/std/pkg/otgorm/otgorm.go:50.58,52.9 2 0
github.com/DoNewsCode/std/pkg/otgorm/otgorm.go:55.2,56.21 2 0
github.com/DoNewsCode/std/pkg/otgorm/otgorm.go:59.2,65.15 7 0
github.com/DoNewsCode/std/pkg/otgorm/otgorm.go:52.9,54.3 1 0
github.com/DoNewsCode/std/pkg/otgorm/otgorm.go:56.21,58.3 1 0
github.com/DoNewsCode/std/pkg/otgorm/otgorm.go:68.64,73.14 4 0
github.com/DoNewsCode/std/pkg/otgorm/otgorm.go:74.16,76.84 2 0
github.com/DoNewsCode/std/pkg/otgorm/otgorm.go:77.15,79.82 2 0
github.com/DoNewsCode/std/pkg/otgorm/otgorm.go:80.16,82.84 2 0
github.com/DoNewsCode/std/pkg/otgorm/otgorm.go:83.16,85.84 2 0
github.com/DoNewsCode/std/pkg/otgorm/otgorm.go:86.19,88.83 2 0
github.com/DoNewsCode/std/pkg/otgorm/seeding.go:32.27,34.2 1 1
github.com/DoNewsCode/std/pkg/otgorm/seeding.go:36.37,40.2 3 0
github.com/DoNewsCode/std/pkg/otgorm/seeding.go:42.32,44.2 1 0
github.com/DoNewsCode/std/pkg/otgorm/seeding.go:47.30,49.34 2 1
github.com/DoNewsCode/std/pkg/otgorm/seeding.go:58.2,58.12 1 1
github.com/DoNewsCode/std/pkg/otgorm/seeding.go:49.34,50.20 1 1
github.com/DoNewsCode/std/pkg/otgorm/seeding.go:53.3,54.38 2 1
github.com/DoNewsCode/std/pkg/otgorm/seeding.go:50.20,52.4 1 0
github.com/DoNewsCode/std/pkg/otgorm/seeding.go:54.38,56.4 1 0
github.com/DoNewsCode/std/pkg/ots3/client.go:33.52,35.2 1 0
github.com/DoNewsCode/std/pkg/ots3/client.go:37.106,40.16 3 0
github.com/DoNewsCode/std/pkg/ots3/client.go:43.2,45.16 3 0
github.com/DoNewsCode/std/pkg/ots3/client.go:48.2,48.18 1 0
github.com/DoNewsCode/std/pkg/ots3/client.go:40.16,42.3 1 0
github.com/DoNewsCode/std/pkg/ots3/client.go:45.16,47.3 1 0
github.com/DoNewsCode/std/pkg/ots3/client.go:51.91,52.15 1 0
github.com/DoNewsCode/std/pkg/ots3/client.go:57.2,60.16 4 0
github.com/DoNewsCode/std/pkg/ots3/client.go:63.2,64.16 2 0
github.com/DoNewsCode/std/pkg/ots3/client.go:67.2,68.16 2 0
github.com/DoNewsCode/std/pkg/ots3/client.go:71.2,73.12 3 0
github.com/DoNewsCode/std/pkg/ots3/client.go:52.15,53.53 1 0
github.com/DoNewsCode/std/pkg/ots3/client.go:53.53,55.4 1 0
github.com/DoNewsCode/std/pkg/ots3/client.go:60.16,62.3 1 0
github.com/DoNewsCode/std/pkg/ots3/client.go:64.16,66.3 1 0
github.com/DoNewsCode/std/pkg/ots3/client.go:68.16,70.3 1 0
github.com/DoNewsCode/std/pkg/ots3/client.go:83.111,85.16 2 0
github.com/DoNewsCode/std/pkg/ots3/client.go:88.2,88.38 1 0
github.com/DoNewsCode/std/pkg/ots3/client.go:85.16,87.3 1 0
github.com/DoNewsCode/std/pkg/ots3/client.go:92.70,94.2 1 0
github.com/DoNewsCode/std/pkg/ots3/client.go:97.61,101.2 3 0
github.com/DoNewsCode/std/pkg/ots3/dependency.go:57.57,59.16 2 1
github.com/DoNewsCode/std/pkg/ots3/dependency.go:62.2,62.31 1 1
github.com/DoNewsCode/std/pkg/ots3/dependency.go:59.16,61.3 1 0
github.com/DoNewsCode/std/pkg/ots3/dependency.go:66.35,72.16 3 1
github.com/DoNewsCode/std/pkg/ots3/dependency.go:75.2,75.62 1 1
github.com/DoNewsCode/std/pkg/ots3/dependency.go:103.2,105.16 3 1
github.com/DoNewsCode/std/pkg/ots3/dependency.go:114.2,120.3 1 1
github.com/DoNewsCode/std/pkg/ots3/dependency.go:72.16,74.3 1 0
github.com/DoNewsCode/std/pkg/ots3/dependency.go:75.62,80.38 2 1
github.com/DoNewsCode/std/pkg/ots3/dependency.go:83.3,89.56 1 1
github.com/DoNewsCode/std/pkg/ots3/dependency.go:98.3,101.9 1 1
github.com/DoNewsCode/std/pkg/ots3/dependency.go:80.38,82.4 1 1
github.com/DoNewsCode/std/pkg/ots3/dependency.go:89.56,91.19 2 0
github.com/DoNewsCode/std/pkg/ots3/dependency.go:94.5,94.48 1 0
github.com/DoNewsCode/std/pkg/ots3/dependency.go:91.19,93.6 1 0
github.com/DoNewsCode/std/pkg/ots3/dependency.go:105.16,113.3 1 1
github.com/DoNewsCode/std/pkg/ots3/dependency.go:124.46,142.2 1 1
github.com/DoNewsCode/std/pkg/ots3/module.go:17.49,19.2 1 1
github.com/DoNewsCode/std/pkg/ots3/module.go:22.72,34.2 6 1
github.com/DoNewsCode/std/pkg/ots3/server.go:33.111,34.15 1 0
github.com/DoNewsCode/std/pkg/ots3/server.go:39.2,41.20 3 0
github.com/DoNewsCode/std/pkg/ots3/server.go:34.15,35.47 1 0
github.com/DoNewsCode/std/pkg/ots3/server.go:35.47,37.4 1 0
github.com/DoNewsCode/std/pkg/ots3/server.go:45.62,46.90 1 1
github.com/DoNewsCode/std/pkg/ots3/server.go:46.90,49.17 3 0
github.com/DoNewsCode/std/pkg/ots3/server.go:52.3,57.9 1 0
github.com/DoNewsCode/std/pkg/ots3/server.go:49.17,51.4 1 0
github.com/DoNewsCode/std/pkg/ots3/server.go:62.74,70.2 4 1
github.com/DoNewsCode/std/pkg/ots3/server.go:73.95,80.2 2 1
github.com/DoNewsCode/std/pkg/ots3/server.go:82.96,84.16 2 0
github.com/DoNewsCode/std/pkg/ots3/server.go:87.2,90.8 1 0
github.com/DoNewsCode/std/pkg/ots3/server.go:84.16,86.3 1 0
github.com/DoNewsCode/std/pkg/ots3/uploader.go:54.51,55.25 1 1
github.com/DoNewsCode/std/pkg/ots3/uploader.go:55.25,57.3 1 1
github.com/DoNewsCode/std/pkg/ots3/uploader.go:61.47,62.25 1 0
github.com/DoNewsCode/std/pkg/ots3/uploader.go:62.25,64.3 1 0
github.com/DoNewsCode/std/pkg/ots3/uploader.go:68.45,69.25 1 0
github.com/DoNewsCode/std/pkg/ots3/uploader.go:69.25,71.3 1 0
github.com/DoNewsCode/std/pkg/ots3/uploader.go:75.54,76.25 1 0
github.com/DoNewsCode/std/pkg/ots3/uploader.go:76.25,78.3 1 0
github.com/DoNewsCode/std/pkg/ots3/uploader.go:83.68,84.25 1 1
github.com/DoNewsCode/std/pkg/ots3/uploader.go:84.25,86.3 1 1
github.com/DoNewsCode/std/pkg/ots3/uploader.go:90.100,94.52 1 1
github.com/DoNewsCode/std/pkg/ots3/uploader.go:98.2,98.25 1 1
github.com/DoNewsCode/std/pkg/ots3/uploader.go:102.2,122.21 5 1
github.com/DoNewsCode/std/pkg/ots3/uploader.go:125.2,125.10 1 1
github.com/DoNewsCode/std/pkg/ots3/uploader.go:94.52,96.4 1 1
github.com/DoNewsCode/std/pkg/ots3/uploader.go:98.25,100.3 1 1
github.com/DoNewsCode/std/pkg/ots3/uploader.go:122.21,124.3 1 0
github.com/DoNewsCode/std/pkg/ots3/uploader.go:130.105,138.16 6 1
github.com/DoNewsCode/std/pkg/ots3/uploader.go:142.2,151.16 3 1
github.com/DoNewsCode/std/pkg/ots3/uploader.go:155.2,155.45 1 1
github.com/DoNewsCode/std/pkg/ots3/uploader.go:138.16,140.3 1 1
github.com/DoNewsCode/std/pkg/ots3/uploader.go:151.16,153.3 1 0
github.com/DoNewsCode/std/pkg/ots3/uploader.go:161.93,163.16 2 0
github.com/DoNewsCode/std/pkg/ots3/uploader.go:166.2,167.16 2 0
github.com/DoNewsCode/std/pkg/ots3/uploader.go:170.2,172.44 3 0
github.com/DoNewsCode/std/pkg/ots3/uploader.go:163.16,165.3 1 0
github.com/DoNewsCode/std/pkg/ots3/uploader.go:167.16,169.3 1 0
github.com/DoNewsCode/std/pkg/ots3/uploader.go:177.72,183.2 2 1
github.com/DoNewsCode/std/pkg/ots3/uploader.go:185.54,188.34 2 0
github.com/DoNewsCode/std/pkg/ots3/uploader.go:188.34,192.60 3 0
github.com/DoNewsCode/std/pkg/ots3/uploader.go:198.3,206.59 7 0
github.com/DoNewsCode/std/pkg/ots3/uploader.go:215.3,215.56 1 0
github.com/DoNewsCode/std/pkg/ots3/uploader.go:192.60,194.4 1 0
github.com/DoNewsCode/std/pkg/ots3/uploader.go:194.9,197.4 2 0
github.com/DoNewsCode/std/pkg/ots3/uploader.go:206.59,207.31 1 0
github.com/DoNewsCode/std/pkg/ots3/uploader.go:212.4,212.15 1 0
github.com/DoNewsCode/std/pkg/ots3/uploader.go:207.31,209.5 1 0
github.com/DoNewsCode/std/pkg/ots3/uploader.go:209.10,211.5 1 0
github.com/DoNewsCode/std/pkg/ots3/uploader.go:215.56,217.4 1 0
github.com/DoNewsCode/std/pkg/ots3/uploader.go:221.89,223.2 1 0
github.com/DoNewsCode/std/pkg/ots3/uploader.go:225.31,228.19 3 0
github.com/DoNewsCode/std/pkg/ots3/uploader.go:231.2,231.18 1 0
github.com/DoNewsCode/std/pkg/ots3/uploader.go:228.19,230.3 1 0
github.com/DoNewsCode/std/pkg/queue/redis_driver.go:36.101,39.16 3 1
github.com/DoNewsCode/std/pkg/queue/redis_driver.go:42.2,42.31 1 1
github.com/DoNewsCode/std/pkg/queue/redis_driver.go:49.2,53.16 2 1
github.com/DoNewsCode/std/pkg/queue/redis_driver.go:56.2,56.12 1 1
github.com/DoNewsCode/std/pkg/queue/redis_driver.go:39.16,41.3 1 0
github.com/DoNewsCode/std/pkg/queue/redis_driver.go:42.31,44.17 2 1
github.com/DoNewsCode/std/pkg/queue/redis_driver.go:47.3,47.13 1 1
github.com/DoNewsCode/std/pkg/queue/redis_driver.go:44.17,46.4 1 0
github.com/DoNewsCode/std/pkg/queue/redis_driver.go:53.16,55.3 1 0
github.com/DoNewsCode/std/pkg/queue/redis_driver.go:61.73,63.86 2 1
github.com/DoNewsCode/std/pkg/queue/redis_driver.go:66.2,66.87 1 1
github.com/DoNewsCode/std/pkg/queue/redis_driver.go:70.2,71.22 2 1
github.com/DoNewsCode/std/pkg/queue/redis_driver.go:74.2,74.16 1 1
github.com/DoNewsCode/std/pkg/queue/redis_driver.go:77.2,80.16 4 1
github.com/DoNewsCode/std/pkg/queue/redis_driver.go:83.2,87.16 2 1
github.com/DoNewsCode/std/pkg/queue/redis_driver.go:90.2,90.22 1 1
github.com/DoNewsCode/std/pkg/queue/redis_driver.go:63.86,65.3 1 0
github.com/DoNewsCode/std/pkg/queue/redis_driver.go:66.87,68.3 1 0
github.com/DoNewsCode/std/pkg/queue/redis_driver.go:71.22,73.3 1 1
github.com/DoNewsCode/std/pkg/queue/redis_driver.go:74.16,76.3 1 1
github.com/DoNewsCode/std/pkg/queue/redis_driver.go:80.16,82.3 1 0
github.com/DoNewsCode/std/pkg/queue/redis_driver.go:87.16,89.3 1 0
github.com/DoNewsCode/std/pkg/queue/redis_driver.go:95.79,98.16 3 1
github.com/DoNewsCode/std/pkg/queue/redis_driver.go:101.2,101.54 1 1
github.com/DoNewsCode/std/pkg/queue/redis_driver.go:98.16,100.3 1 0
github.com/DoNewsCode/std/pkg/queue/redis_driver.go:105.80,109.16 4 1
github.com/DoNewsCode/std/pkg/queue/redis_driver.go:112.2,115.16 4 1
github.com/DoNewsCode/std/pkg/queue/redis_driver.go:118.2,120.16 3 1
github.com/DoNewsCode/std/pkg/queue/redis_driver.go:123.2,123.12 1 1
github.com/DoNewsCode/std/pkg/queue/redis_driver.go:109.16,111.3 1 0
github.com/DoNewsCode/std/pkg/queue/redis_driver.go:115.16,117.3 1 0
github.com/DoNewsCode/std/pkg/queue/redis_driver.go:120.16,122.3 1 0
github.com/DoNewsCode/std/pkg/queue/redis_driver.go:130.82,132.77 2 1
github.com/DoNewsCode/std/pkg/queue/redis_driver.go:135.2,136.6 2 1
github.com/DoNewsCode/std/pkg/queue/redis_driver.go:146.2,146.19 1 1
github.com/DoNewsCode/std/pkg/queue/redis_driver.go:132.77,134.3 1 0
github.com/DoNewsCode/std/pkg/queue/redis_driver.go:136.6,138.32 2 1
github.com/DoNewsCode/std/pkg/queue/redis_driver.go:141.3,141.17 1 1
github.com/DoNewsCode/std/pkg/queue/redis_driver.go:144.3,144.10 1 1
github.com/DoNewsCode/std/pkg/queue/redis_driver.go:138.32,139.9 1 1
github.com/DoNewsCode/std/pkg/queue/redis_driver.go:141.17,143.4 1 0
github.com/DoNewsCode/std/pkg/queue/redis_driver.go:150.72,153.16 3 1
github.com/DoNewsCode/std/pkg/queue/redis_driver.go:156.2,156.12 1 1
github.com/DoNewsCode/std/pkg/queue/redis_driver.go:153.16,155.3 1 0
github.com/DoNewsCode/std/pkg/queue/redis_driver.go:163.55,164.50 1 1
github.com/DoNewsCode/std/pkg/queue/redis_driver.go:167.2,167.30 1 1
github.com/DoNewsCode/std/pkg/queue/redis_driver.go:164.50,166.3 1 0
github.com/DoNewsCode/std/pkg/queue/redis_driver.go:171.68,182.25 7 1
github.com/DoNewsCode/std/pkg/queue/redis_driver.go:185.2,185.18 1 1
github.com/DoNewsCode/std/pkg/queue/redis_driver.go:182.25,184.3 1 0
github.com/DoNewsCode/std/pkg/queue/redis_driver.go:188.86,190.16 2 1
github.com/DoNewsCode/std/pkg/queue/redis_driver.go:193.2,193.12 1 1
github.com/DoNewsCode/std/pkg/queue/redis_driver.go:190.16,192.3 1 0
github.com/DoNewsCode/std/pkg/queue/redis_driver.go:199.81,203.16 4 1
github.com/DoNewsCode/std/pkg/queue/redis_driver.go:206.2,211.16 6 1
github.com/DoNewsCode/std/pkg/queue/redis_driver.go:214.2,219.16 3 1
github.com/DoNewsCode/std/pkg/queue/redis_driver.go:222.2,222.12 1 1
github.com/DoNewsCode/std/pkg/queue/redis_driver.go:203.16,205.3 1 0
github.com/DoNewsCode/std/pkg/queue/redis_driver.go:211.16,213.3 1 0
github.com/DoNewsCode/std/pkg/queue/redis_driver.go:219.16,221.3 1 0
github.com/DoNewsCode/std/pkg/queue/redis_driver.go:225.85,233.27 3 1
github.com/DoNewsCode/std/pkg/queue/redis_driver.go:237.2,238.16 2 1
github.com/DoNewsCode/std/pkg/queue/redis_driver.go:241.2,241.12 1 1
github.com/DoNewsCode/std/pkg/queue/redis_driver.go:233.27,236.3 2 1
github.com/DoNewsCode/std/pkg/queue/redis_driver.go:238.16,240.3 1 0
github.com/DoNewsCode/std/pkg/queue/redis_driver.go:244.42,248.21 3 1
github.com/DoNewsCode/std/pkg/queue/redis_driver.go:251.2,251.26 1 1
github.com/DoNewsCode/std/pkg/queue/redis_driver.go:254.2,254.21 1 1
github.com/DoNewsCode/std/pkg/queue/redis_driver.go:257.2,257.21 1 1
github.com/DoNewsCode/std/pkg/queue/redis_driver.go:260.2,261.30 2 1
github.com/DoNewsCode/std/pkg/queue/redis_driver.go:270.2,270.38 1 1
github.com/DoNewsCode/std/pkg/queue/redis_driver.go:273.2,273.24 1 1
github.com/DoNewsCode/std/pkg/queue/redis_driver.go:248.21,250.3 1 1
github.com/DoNewsCode/std/pkg/queue/redis_driver.go:251.26,253.3 1 0
github.com/DoNewsCode/std/pkg/queue/redis_driver.go:254.21,256.3 1 1
github.com/DoNewsCode/std/pkg/queue/redis_driver.go:257.21,259.3 1 0
github.com/DoNewsCode/std/pkg/queue/redis_driver.go:261.30,269.3 1 0
github.com/DoNewsCode/std/pkg/queue/redis_driver.go:270.38,272.3 1 1
github.com/DoNewsCode/std/pkg/queue/redis_driver.go:276.54,280.24 4 1
github.com/DoNewsCode/std/pkg/queue/redis_driver.go:283.2,283.21 1 1
github.com/DoNewsCode/std/pkg/queue/redis_driver.go:286.2,286.10 1 1
github.com/DoNewsCode/std/pkg/queue/redis_driver.go:280.24,282.3 1 0
github.com/DoNewsCode/std/pkg/queue/redis_driver.go:283.21,285.3 1 1
github.com/DoNewsCode/std/pkg/queue/persisted_event.go:28.40,30.2 1 1
github.com/DoNewsCode/std/pkg/queue/persisted_event.go:33.45,35.2 1 1
github.com/DoNewsCode/std/pkg/queue/dispatcher.go:40.85,41.38 1 1
github.com/DoNewsCode/std/pkg/queue/dispatcher.go:53.2,53.33 1 1
github.com/DoNewsCode/std/pkg/queue/dispatcher.go:65.2,65.32 1 1
github.com/DoNewsCode/std/pkg/queue/dispatcher.go:41.38,43.19 2 1
github.com/DoNewsCode/std/pkg/queue/dispatcher.go:46.3,48.17 3 1
github.com/DoNewsCode/std/pkg/queue/dispatcher.go:51.3,51.65 1 1
github.com/DoNewsCode/std/pkg/queue/dispatcher.go:43.19,45.4 1 0
github.com/DoNewsCode/std/pkg/queue/dispatcher.go:48.17,50.4 1 0
github.com/DoNewsCode/std/pkg/queue/dispatcher.go:53.33,55.17 2 1
github.com/DoNewsCode/std/pkg/queue/dispatcher.go:58.3,63.57 3 1
github.com/DoNewsCode/std/pkg/queue/dispatcher.go:55.17,57.4 1 0
github.com/DoNewsCode/std/pkg/queue/dispatcher.go:69.69,71.38 2 1
github.com/DoNewsCode/std/pkg/queue/dispatcher.go:74.2,75.28 2 1
github.com/DoNewsCode/std/pkg/queue/dispatcher.go:71.38,73.3 1 1
github.com/DoNewsCode/std/pkg/queue/dispatcher.go:79.66,80.21 1 1
github.com/DoNewsCode/std/pkg/queue/dispatcher.go:83.2,86.20 3 1
github.com/DoNewsCode/std/pkg/queue/dispatcher.go:100.2,100.31 1 1
github.com/DoNewsCode/std/pkg/queue/dispatcher.go:118.2,118.37 1 1
github.com/DoNewsCode/std/pkg/queue/dispatcher.go:126.2,126.17 1 1
github.com/DoNewsCode/std/pkg/queue/dispatcher.go:80.21,82.3 1 1
github.com/DoNewsCode/std/pkg/queue/dispatcher.go:86.20,88.7 2 1
github.com/DoNewsCode/std/pkg/queue/dispatcher.go:88.7,90.32 2 1
github.com/DoNewsCode/std/pkg/queue/dispatcher.go:93.4,93.18 1 1
github.com/DoNewsCode/std/pkg/queue/dispatcher.go:96.4,96.18 1 1
github.com/DoNewsCode/std/pkg/queue/dispatcher.go:90.32,91.13 1 1
github.com/DoNewsCode/std/pkg/queue/dispatcher.go:93.18,95.5 1 1
github.com/DoNewsCode/std/pkg/queue/dispatcher.go:100.31,101.38 1 1
github.com/DoNewsCode/std/pkg/queue/dispatcher.go:104.3,105.21 2 1
github.com/DoNewsCode/std/pkg/queue/dispatcher.go:101.38,103.4 1 1
github.com/DoNewsCode/std/pkg/queue/dispatcher.go:105.21,106.8 1 1
github.com/DoNewsCode/std/pkg/queue/dispatcher.go:106.8,107.12 1 1
github.com/DoNewsCode/std/pkg/queue/dispatcher.go:108.21,109.18 1 0
github.com/DoNewsCode/std/pkg/queue/dispatcher.go:110.23,112.22 2 1
github.com/DoNewsCode/std/pkg/queue/dispatcher.go:118.37,119.21 1 1
github.com/DoNewsCode/std/pkg/queue/dispatcher.go:119.21,120.29 1 1
github.com/DoNewsCode/std/pkg/queue/dispatcher.go:123.4,123.14 1 1
github.com/DoNewsCode/std/pkg/queue/dispatcher.go:120.29,122.5 1 1
github.com/DoNewsCode/std/pkg/queue/dispatcher.go:129.47,131.2 1 1
github.com/DoNewsCode/std/pkg/queue/dispatcher.go:133.78,137.16 4 1
github.com/DoNewsCode/std/pkg/queue/dispatcher.go:149.2,149.45 1 1
github.com/DoNewsCode/std/pkg/queue/dispatcher.go:137.16,138.37 1 1
github.com/DoNewsCode/std/pkg/queue/dispatcher.go:144.3,147.9 4 1
github.com/DoNewsCode/std/pkg/queue/dispatcher.go:138.37,143.4 4 1
github.com/DoNewsCode/std/pkg/queue/dispatcher.go:152.73,156.2 3 1
github.com/DoNewsCode/std/pkg/queue/dispatcher.go:158.58,160.16 2 0
github.com/DoNewsCode/std/pkg/queue/dispatcher.go:163.2,166.79 4 0
github.com/DoNewsCode/std/pkg/queue/dispatcher.go:160.16,162.3 1 0
github.com/DoNewsCode/std/pkg/queue/dispatcher.go:170.58,171.47 1 0
github.com/DoNewsCode/std/pkg/queue/dispatcher.go:171.47,173.3 1 0
github.com/DoNewsCode/std/pkg/queue/dispatcher.go:177.62,178.47 1 1
github.com/DoNewsCode/std/pkg/queue/dispatcher.go:178.47,180.3 1 1
github.com/DoNewsCode/std/pkg/queue/dispatcher.go:184.65,185.47 1 1
github.com/DoNewsCode/std/pkg/queue/dispatcher.go:185.47,187.3 1 1
github.com/DoNewsCode/std/pkg/queue/dispatcher.go:191.87,192.47 1 1
github.com/DoNewsCode/std/pkg/queue/dispatcher.go:192.47,195.3 2 1
github.com/DoNewsCode/std/pkg/queue/dispatcher.go:201.124,210.25 2 1
github.com/DoNewsCode/std/pkg/queue/dispatcher.go:213.2,213.12 1 1
github.com/DoNewsCode/std/pkg/queue/dispatcher.go:210.25,212.3 1 1
github.com/DoNewsCode/std/pkg/queue/in_process_driver.go:22.35,22.53 1 1
github.com/DoNewsCode/std/pkg/queue/in_process_driver.go:24.45,27.2 1 1
github.com/DoNewsCode/std/pkg/queue/in_process_driver.go:29.40,33.2 3 1
github.com/DoNewsCode/std/pkg/queue/in_process_driver.go:35.46,40.2 4 1
github.com/DoNewsCode/std/pkg/queue/in_process_driver.go:42.44,50.2 7 1
github.com/DoNewsCode/std/pkg/queue/in_process_driver.go:65.44,75.2 2 1
github.com/DoNewsCode/std/pkg/queue/in_process_driver.go:78.81,88.2 2 1
github.com/DoNewsCode/std/pkg/queue/in_process_driver.go:90.105,91.15 1 1
github.com/DoNewsCode/std/pkg/queue/in_process_driver.go:100.2,100.9 1 1
github.com/DoNewsCode/std/pkg/queue/in_process_driver.go:91.15,99.3 4 1
github.com/DoNewsCode/std/pkg/queue/in_process_driver.go:101.28,102.13 1 1
github.com/DoNewsCode/std/pkg/queue/in_process_driver.go:103.20,104.19 1 0
github.com/DoNewsCode/std/pkg/queue/in_process_driver.go:108.77,110.6 2 1
github.com/DoNewsCode/std/pkg/queue/in_process_driver.go:121.2,121.28 1 1
github.com/DoNewsCode/std/pkg/queue/in_process_driver.go:127.2,128.9 2 1
github.com/DoNewsCode/std/pkg/queue/in_process_driver.go:110.6,111.27 1 1
github.com/DoNewsCode/std/pkg/queue/in_process_driver.go:114.3,115.37 2 1
github.com/DoNewsCode/std/pkg/queue/in_process_driver.go:119.3,119.25 1 1
github.com/DoNewsCode/std/pkg/queue/in_process_driver.go:111.27,112.9 1 1
github.com/DoNewsCode/std/pkg/queue/in_process_driver.go:115.37,117.9 2 1
github.com/DoNewsCode/std/pkg/queue/in_process_driver.go:121.28,122.39 1 1
github.com/DoNewsCode/std/pkg/queue/in_process_driver.go:122.39,125.4 2 0
github.com/DoNewsCode/std/pkg/queue/in_process_driver.go:129.30,131.22 2 1
github.com/DoNewsCode/std/pkg/queue/in_process_driver.go:132.35,133.23 1 1
github.com/DoNewsCode/std/pkg/queue/in_process_driver.go:134.20,135.24 1 1
github.com/DoNewsCode/std/pkg/queue/in_process_driver.go:139.83,144.2 4 1
github.com/DoNewsCode/std/pkg/queue/in_process_driver.go:146.84,152.2 5 1
github.com/DoNewsCode/std/pkg/queue/in_process_driver.go:154.86,158.25 4 1
github.com/DoNewsCode/std/pkg/queue/in_process_driver.go:166.2,166.26 1 1
github.com/DoNewsCode/std/pkg/queue/in_process_driver.go:174.2,174.57 1 0
github.com/DoNewsCode/std/pkg/queue/in_process_driver.go:158.25,159.27 1 1
github.com/DoNewsCode/std/pkg/queue/in_process_driver.go:164.3,164.16 1 1
github.com/DoNewsCode/std/pkg/queue/in_process_driver.go:159.27,163.4 3 1
github.com/DoNewsCode/std/pkg/queue/in_process_driver.go:166.26,167.28 1 1
github.com/DoNewsCode/std/pkg/queue/in_process_driver.go:172.3,172.16 1 1
github.com/DoNewsCode/std/pkg/queue/in_process_driver.go:167.28,171.4 3 0
github.com/DoNewsCode/std/pkg/queue/in_process_driver.go:177.76,180.25 3 1
github.com/DoNewsCode/std/pkg/queue/in_process_driver.go:183.2,183.26 1 1
github.com/DoNewsCode/std/pkg/queue/in_process_driver.go:186.2,186.12 1 1
github.com/DoNewsCode/std/pkg/queue/in_process_driver.go:180.25,182.3 1 1
github.com/DoNewsCode/std/pkg/queue/in_process_driver.go:183.26,185.3 1 1
github.com/DoNewsCode/std/pkg/queue/in_process_driver.go:189.72,198.2 3 1
github.com/DoNewsCode/std/pkg/queue/in_process_driver.go:200.85,210.2 6 0
github.com/DoNewsCode/std/pkg/queue/deferrable_event.go:20.58,22.2 1 1
github.com/DoNewsCode/std/pkg/queue/deferrable_event.go:26.64,31.2 4 1
github.com/DoNewsCode/std/pkg/queue/deferrable_event.go:37.85,39.25 2 1
github.com/DoNewsCode/std/pkg/queue/deferrable_event.go:42.2,42.10 1 1
github.com/DoNewsCode/std/pkg/queue/deferrable_event.go:39.25,41.3 1 1
github.com/DoNewsCode/std/pkg/queue/deferrable_event.go:46.50,47.48 1 1
github.com/DoNewsCode/std/pkg/queue/deferrable_event.go:47.48,49.3 1 1
github.com/DoNewsCode/std/pkg/queue/deferrable_event.go:53.44,54.48 1 0
github.com/DoNewsCode/std/pkg/queue/deferrable_event.go:54.48,56.3 1 0
github.com/DoNewsCode/std/pkg/queue/deferrable_event.go:61.51,62.48 1 1
github.com/DoNewsCode/std/pkg/queue/deferrable_event.go:62.48,64.3 1 1
github.com/DoNewsCode/std/pkg/queue/deferrable_event.go:68.46,69.48 1 1
github.com/DoNewsCode/std/pkg/queue/deferrable_event.go:69.48,71.3 1 1
github.com/DoNewsCode/std/pkg/queue/deferrable_event.go:75.40,76.48 1 0
github.com/DoNewsCode/std/pkg/queue/deferrable_event.go:76.48,78.3 1 0
github.com/DoNewsCode/std/pkg/queue/deferrable_event.go:81.24,84.19 3 1
github.com/DoNewsCode/std/pkg/queue/deferrable_event.go:87.2,87.18 1 1
github.com/DoNewsCode/std/pkg/queue/deferrable_event.go:84.19,86.3 1 1
github.com/DoNewsCode/std/pkg/queue/module.go:12.45,14.2 1 0
github.com/DoNewsCode/std/pkg/queue/module.go:16.56,23.55 3 1
github.com/DoNewsCode/std/pkg/queue/module.go:34.2,38.55 1 1
github.com/DoNewsCode/std/pkg/queue/module.go:49.2,57.30 5 1
github.com/DoNewsCode/std/pkg/queue/module.go:23.55,26.32 3 1
github.com/DoNewsCode/std/pkg/queue/module.go:31.4,31.14 1 1
github.com/DoNewsCode/std/pkg/queue/module.go:26.32,27.63 1 1
github.com/DoNewsCode/std/pkg/queue/module.go:27.63,29.6 1 0
github.com/DoNewsCode/std/pkg/queue/module.go:38.55,41.32 3 1
github.com/DoNewsCode/std/pkg/queue/module.go:46.4,46.14 1 1
github.com/DoNewsCode/std/pkg/queue/module.go:41.32,42.67 1 1
github.com/DoNewsCode/std/pkg/queue/module.go:42.67,44.6 1 0
github.com/DoNewsCode/std/pkg/queue/packer.go:13.63,15.61 2 1
github.com/DoNewsCode/std/pkg/queue/packer.go:18.2,18.25 1 1
github.com/DoNewsCode/std/pkg/queue/packer.go:15.61,17.3 1 0
github.com/DoNewsCode/std/pkg/queue/packer.go:22.68,24.47 2 1
github.com/DoNewsCode/std/pkg/queue/packer.go:27.2,27.44 1 1
github.com/DoNewsCode/std/pkg/queue/packer.go:24.47,26.3 1 1
github.com/DoNewsCode/std/pkg/queue/dependency.go:65.63,71.16 3 1
github.com/DoNewsCode/std/pkg/queue/dependency.go:74.2,74.62 1 1
github.com/DoNewsCode/std/pkg/queue/dependency.go:110.2,110.31 1 1
github.com/DoNewsCode/std/pkg/queue/dependency.go:114.2,122.8 3 1
github.com/DoNewsCode/std/pkg/queue/dependency.go:71.16,73.3 1 0
github.com/DoNewsCode/std/pkg/queue/dependency.go:74.62,79.39 2 1
github.com/DoNewsCode/std/pkg/queue/dependency.go:82.3,82.21 1 1
github.com/DoNewsCode/std/pkg/queue/dependency.go:85.3,106.9 3 1
github.com/DoNewsCode/std/pkg/queue/dependency.go:79.39,81.4 1 0
github.com/DoNewsCode/std/pkg/queue/dependency.go:82.21,84.4 1 1
github.com/DoNewsCode/std/pkg/queue/dependency.go:110.31,112.3 1 1
github.com/DoNewsCode/std/pkg/queue/dependency.go:126.58,127.47 1 1
github.com/DoNewsCode/std/pkg/queue/dependency.go:127.47,130.26 3 1
github.com/DoNewsCode/std/pkg/queue/dependency.go:130.26,132.18 2 1
github.com/DoNewsCode/std/pkg/queue/dependency.go:135.4,135.32 1 1
github.com/DoNewsCode/std/pkg/queue/dependency.go:132.18,134.5 1 0
github.com/DoNewsCode/std/pkg/queue/dependency.go:136.22,138.4 1 1
github.com/DoNewsCode/std/pkg/queue/dependency.go:163.77,165.16 2 1
github.com/DoNewsCode/std/pkg/queue/dependency.go:168.2,168.43 1 1
github.com/DoNewsCode/std/pkg/queue/dependency.go:165.16,167.3 1 0
github.com/DoNewsCode/std/pkg/queue/dependency.go:171.46,183.2 1 1
